# JRE version: OpenJDK Runtime Environment Temurin-21.0.8+9 (21.0.8+9) (build 21.0.8+9-LTS)
# Java VM: OpenJDK 64-Bit Server VM Temurin-21.0.8+9 (21.0.8+9-LTS, mixed mode, sharing, tiered, compressed oops, compressed class ptrs, parallel gc, windows-amd64)
GC Precious Log:
 CardTable entry size: 512
 CPUs: 12 total, 12 available
 Memory: 7896M
 Large Page Support: Disabled
 NUMA Support: Disabled
 Compressed Oops: Enabled (32-bit)
 Alignments: Space 512K, Generation 512K, Heap 2M
 Heap Min Capacity: 100M
 Heap Initial Capacity: 100M
 Heap Max Capacity: 2G
 Pre-touch: Disabled
 Parallel Workers: 10
Heap:
 PSYoungGen      total 7168K, used 4915K [0x00000000d5580000, 0x00000000d5e80000, 0x0000000100000000)
  eden space 6144K, 63% used [0x00000000d5580000,0x00000000d5953b70,0x00000000d5b80000)
  from space 1024K, 97% used [0x00000000d5b80000,0x00000000d5c79210,0x00000000d5c80000)
  to   space 1536K, 0% used [0x00000000d5d00000,0x00000000d5d00000,0x00000000d5e80000)
 ParOldGen       total 633856K, used 633368K [0x0000000080000000, 0x00000000a6b00000, 0x00000000d5580000)
  object space 633856K, 99% used [0x0000000080000000,0x00000000a6a86288,0x00000000a6b00000)
 Metaspace       used 90921K, committed 92800K, reserved 1179648K
  class space    used 9458K, committed 10304K, reserved 1048576K
GC Heap History (20 events):
Event: 223.355 GC heap after
{Heap after GC invocations=2542 (full 4):
 PSYoungGen      total 6144K, used 320K [0x00000000d5580000, 0x00000000d5c80000, 0x0000000100000000)
  eden space 5632K, 0% used [0x00000000d5580000,0x00000000d5580000,0x00000000d5b00000)
  from space 512K, 62% used [0x00000000d5c00000,0x00000000d5c50000,0x00000000d5c80000)
  to   space 512K, 0% used [0x00000000d5b80000,0x00000000d5b80000,0x00000000d5c00000)
 ParOldGen       total 630784K, used 630441K [0x0000000080000000, 0x00000000a6800000, 0x00000000d5580000)
  object space 630784K, 99% used [0x0000000080000000,0x00000000a67aa5c8,0x00000000a6800000)
 Metaspace       used 90747K, committed 92672K, reserved 1179648K
  class space    used 9436K, committed 10304K, reserved 1048576K
}
Event: 223.367 GC heap before
{Heap before GC invocations=2543 (full 4):
 PSYoungGen      total 6144K, used 5578K [0x00000000d5580000, 0x00000000d5c80000, 0x0000000100000000)
  eden space 5632K, 93% used [0x00000000d5580000,0x00000000d5aa2980,0x00000000d5b00000)
  from space 512K, 62% used [0x00000000d5c00000,0x00000000d5c50000,0x00000000d5c80000)
  to   space 512K, 0% used [0x00000000d5b80000,0x00000000d5b80000,0x00000000d5c00000)
 ParOldGen       total 630784K, used 630441K [0x0000000080000000, 0x00000000a6800000, 0x00000000d5580000)
  object space 630784K, 99% used [0x0000000080000000,0x00000000a67aa5c8,0x00000000a6800000)
 Metaspace       used 90747K, committed 92672K, reserved 1179648K
  class space    used 9436K, committed 10304K, reserved 1048576K
}
Event: 223.368 GC heap after
{Heap after GC invocations=2543 (full 4):
 PSYoungGen      total 6144K, used 192K [0x00000000d5580000, 0x00000000d5c80000, 0x0000000100000000)
  eden space 5632K, 0% used [0x00000000d5580000,0x00000000d5580000,0x00000000d5b00000)
  from space 512K, 37% used [0x00000000d5b80000,0x00000000d5bb0000,0x00000000d5c00000)
  to   space 512K, 0% used [0x00000000d5c00000,0x00000000d5c00000,0x00000000d5c80000)
 ParOldGen       total 630784K, used 630529K [0x0000000080000000, 0x00000000a6800000, 0x00000000d5580000)
  object space 630784K, 99% used [0x0000000080000000,0x00000000a67c05c8,0x00000000a6800000)
 Metaspace       used 90747K, committed 92672K, reserved 1179648K
  class space    used 9436K, committed 10304K, reserved 1048576K
}
Event: 223.389 GC heap before
{Heap before GC invocations=2544 (full 4):
 PSYoungGen      total 6144K, used 5824K [0x00000000d5580000, 0x00000000d5c80000, 0x0000000100000000)
  eden space 5632K, 100% used [0x00000000d5580000,0x00000000d5b00000,0x00000000d5b00000)
  from space 512K, 37% used [0x00000000d5b80000,0x00000000d5bb0000,0x00000000d5c00000)
  to   space 512K, 0% used [0x00000000d5c00000,0x00000000d5c00000,0x00000000d5c80000)
 ParOldGen       total 630784K, used 630529K [0x0000000080000000, 0x00000000a6800000, 0x00000000d5580000)
  object space 630784K, 99% used [0x0000000080000000,0x00000000a67c05c8,0x00000000a6800000)
 Metaspace       used 90749K, committed 92672K, reserved 1179648K
  class space    used 9436K, committed 10304K, reserved 1048576K
}
Event: 223.390 GC heap after
{Heap after GC invocations=2544 (full 4):
 PSYoungGen      total 6144K, used 442K [0x00000000d5580000, 0x00000000d5c80000, 0x0000000100000000)
  eden space 5632K, 0% used [0x00000000d5580000,0x00000000d5580000,0x00000000d5b00000)
  from space 512K, 86% used [0x00000000d5c00000,0x00000000d5c6e900,0x00000000d5c80000)
  to   space 512K, 0% used [0x00000000d5b80000,0x00000000d5b80000,0x00000000d5c00000)
 ParOldGen       total 630784K, used 630545K [0x0000000080000000, 0x00000000a6800000, 0x00000000d5580000)
  object space 630784K, 99% used [0x0000000080000000,0x00000000a67c45c8,0x00000000a6800000)
 Metaspace       used 90749K, committed 92672K, reserved 1179648K
  class space    used 9436K, committed 10304K, reserved 1048576K
}
Event: 223.430 GC heap before
{Heap before GC invocations=2545 (full 4):
 PSYoungGen      total 6144K, used 5510K [0x00000000d5580000, 0x00000000d5c80000, 0x0000000100000000)
  eden space 5632K, 89% used [0x00000000d5580000,0x00000000d5a73120,0x00000000d5b00000)
  from space 512K, 86% used [0x00000000d5c00000,0x00000000d5c6e900,0x00000000d5c80000)
  to   space 512K, 0% used [0x00000000d5b80000,0x00000000d5b80000,0x00000000d5c00000)
 ParOldGen       total 630784K, used 630545K [0x0000000080000000, 0x00000000a6800000, 0x00000000d5580000)
  object space 630784K, 99% used [0x0000000080000000,0x00000000a67c45c8,0x00000000a6800000)
 Metaspace       used 90753K, committed 92672K, reserved 1179648K
  class space    used 9436K, committed 10304K, reserved 1048576K
}
Event: 223.431 GC heap after
{Heap after GC invocations=2545 (full 4):
 PSYoungGen      total 6144K, used 340K [0x00000000d5580000, 0x00000000d5c80000, 0x0000000100000000)
  eden space 5632K, 0% used [0x00000000d5580000,0x00000000d5580000,0x00000000d5b00000)
  from space 512K, 66% used [0x00000000d5b80000,0x00000000d5bd5200,0x00000000d5c00000)
  to   space 512K, 0% used [0x00000000d5c00000,0x00000000d5c00000,0x00000000d5c80000)
 ParOldGen       total 630784K, used 630601K [0x0000000080000000, 0x00000000a6800000, 0x00000000d5580000)
  object space 630784K, 99% used [0x0000000080000000,0x00000000a67d25c8,0x00000000a6800000)
 Metaspace       used 90753K, committed 92672K, reserved 1179648K
  class space    used 9436K, committed 10304K, reserved 1048576K
}
Event: 223.444 GC heap before
{Heap before GC invocations=2546 (full 4):
 PSYoungGen      total 6144K, used 5499K [0x00000000d5580000, 0x00000000d5c80000, 0x0000000100000000)
  eden space 5632K, 91% used [0x00000000d5580000,0x00000000d5a89aa0,0x00000000d5b00000)
  from space 512K, 66% used [0x00000000d5b80000,0x00000000d5bd5200,0x00000000d5c00000)
  to   space 512K, 0% used [0x00000000d5c00000,0x00000000d5c00000,0x00000000d5c80000)
 ParOldGen       total 630784K, used 630601K [0x0000000080000000, 0x00000000a6800000, 0x00000000d5580000)
  object space 630784K, 99% used [0x0000000080000000,0x00000000a67d25c8,0x00000000a6800000)
 Metaspace       used 90761K, committed 92672K, reserved 1179648K
  class space    used 9436K, committed 10304K, reserved 1048576K
}
Event: 223.446 GC heap after
{Heap after GC invocations=2546 (full 4):
 PSYoungGen      total 6144K, used 320K [0x00000000d5580000, 0x00000000d5c80000, 0x0000000100000000)
  eden space 5632K, 0% used [0x00000000d5580000,0x00000000d5580000,0x00000000d5b00000)
  from space 512K, 62% used [0x00000000d5c00000,0x00000000d5c50000,0x00000000d5c80000)
  to   space 512K, 0% used [0x00000000d5b80000,0x00000000d5b80000,0x00000000d5c00000)
 ParOldGen       total 630784K, used 630773K [0x0000000080000000, 0x00000000a6800000, 0x00000000d5580000)
  object space 630784K, 99% used [0x0000000080000000,0x00000000a67fd7c8,0x00000000a6800000)
 Metaspace       used 90761K, committed 92672K, reserved 1179648K
  class space    used 9436K, committed 10304K, reserved 1048576K
}
Event: 223.451 GC heap before
{Heap before GC invocations=2547 (full 4):
 PSYoungGen      total 6144K, used 4476K [0x00000000d5580000, 0x00000000d5c80000, 0x0000000100000000)
  eden space 5632K, 73% used [0x00000000d5580000,0x00000000d598f278,0x00000000d5b00000)
  from space 512K, 62% used [0x00000000d5c00000,0x00000000d5c50000,0x00000000d5c80000)
  to   space 512K, 0% used [0x00000000d5b80000,0x00000000d5b80000,0x00000000d5c00000)
 ParOldGen       total 630784K, used 630773K [0x0000000080000000, 0x00000000a6800000, 0x00000000d5580000)
  object space 630784K, 99% used [0x0000000080000000,0x00000000a67fd7c8,0x00000000a6800000)
 Metaspace       used 90761K, committed 92672K, reserved 1179648K
  class space    used 9436K, committed 10304K, reserved 1048576K
}
Event: 223.453 GC heap after
{Heap after GC invocations=2547 (full 4):
 PSYoungGen      total 6144K, used 224K [0x00000000d5580000, 0x00000000d5c80000, 0x0000000100000000)
  eden space 5632K, 0% used [0x00000000d5580000,0x00000000d5580000,0x00000000d5b00000)
  from space 512K, 43% used [0x00000000d5b80000,0x00000000d5bb8000,0x00000000d5c00000)
  to   space 512K, 0% used [0x00000000d5c00000,0x00000000d5c00000,0x00000000d5c80000)
 ParOldGen       total 631296K, used 630885K [0x0000000080000000, 0x00000000a6880000, 0x00000000d5580000)
  object space 631296K, 99% used [0x0000000080000000,0x00000000a68197c8,0x00000000a6880000)
 Metaspace       used 90761K, committed 92672K, reserved 1179648K
  class space    used 9436K, committed 10304K, reserved 1048576K
}
Event: 223.461 GC heap before
{Heap before GC invocations=2548 (full 4):
 PSYoungGen      total 6144K, used 5856K [0x00000000d5580000, 0x00000000d5c80000, 0x0000000100000000)
  eden space 5632K, 100% used [0x00000000d5580000,0x00000000d5b00000,0x00000000d5b00000)
  from space 512K, 43% used [0x00000000d5b80000,0x00000000d5bb8000,0x00000000d5c00000)
  to   space 512K, 0% used [0x00000000d5c00000,0x00000000d5c00000,0x00000000d5c80000)
 ParOldGen       total 631296K, used 630885K [0x0000000080000000, 0x00000000a6880000, 0x00000000d5580000)
  object space 631296K, 99% used [0x0000000080000000,0x00000000a68197c8,0x00000000a6880000)
 Metaspace       used 90761K, committed 92672K, reserved 1179648K
  class space    used 9436K, committed 10304K, reserved 1048576K
}
Event: 223.462 GC heap after
{Heap after GC invocations=2548 (full 4):
 PSYoungGen      total 6144K, used 352K [0x00000000d5580000, 0x00000000d5c80000, 0x0000000100000000)
  eden space 5632K, 0% used [0x00000000d5580000,0x00000000d5580000,0x00000000d5b00000)
  from space 512K, 68% used [0x00000000d5c00000,0x00000000d5c58000,0x00000000d5c80000)
  to   space 512K, 0% used [0x00000000d5b80000,0x00000000d5b80000,0x00000000d5c00000)
 ParOldGen       total 631296K, used 630917K [0x0000000080000000, 0x00000000a6880000, 0x00000000d5580000)
  object space 631296K, 99% used [0x0000000080000000,0x00000000a68217c8,0x00000000a6880000)
 Metaspace       used 90761K, committed 92672K, reserved 1179648K
  class space    used 9436K, committed 10304K, reserved 1048576K
}
Event: 260.015 GC heap before
{Heap before GC invocations=2549 (full 4):
 PSYoungGen      total 6144K, used 5983K [0x00000000d5580000, 0x00000000d5c80000, 0x0000000100000000)
  eden space 5632K, 99% used [0x00000000d5580000,0x00000000d5afff90,0x00000000d5b00000)
  from space 512K, 68% used [0x00000000d5c00000,0x00000000d5c58000,0x00000000d5c80000)
  to   space 512K, 0% used [0x00000000d5b80000,0x00000000d5b80000,0x00000000d5c00000)
 ParOldGen       total 631296K, used 630917K [0x0000000080000000, 0x00000000a6880000, 0x00000000d5580000)
  object space 631296K, 99% used [0x0000000080000000,0x00000000a68217c8,0x00000000a6880000)
 Metaspace       used 90772K, committed 92672K, reserved 1179648K
  class space    used 9437K, committed 10304K, reserved 1048576K
}
Event: 260.096 GC heap after
{Heap after GC invocations=2549 (full 4):
 PSYoungGen      total 6144K, used 506K [0x00000000d5580000, 0x00000000d5d00000, 0x0000000100000000)
  eden space 5632K, 0% used [0x00000000d5580000,0x00000000d5580000,0x00000000d5b00000)
  from space 512K, 98% used [0x00000000d5b80000,0x00000000d5bfe900,0x00000000d5c00000)
  to   space 1024K, 0% used [0x00000000d5c00000,0x00000000d5c00000,0x00000000d5d00000)
 ParOldGen       total 631296K, used 631229K [0x0000000080000000, 0x00000000a6880000, 0x00000000d5580000)
  object space 631296K, 99% used [0x0000000080000000,0x00000000a686f7c8,0x00000000a6880000)
 Metaspace       used 90772K, committed 92672K, reserved 1179648K
  class space    used 9437K, committed 10304K, reserved 1048576K
}
Event: 260.331 GC heap before
{Heap before GC invocations=2550 (full 4):
 PSYoungGen      total 6144K, used 6138K [0x00000000d5580000, 0x00000000d5d00000, 0x0000000100000000)
  eden space 5632K, 100% used [0x00000000d5580000,0x00000000d5b00000,0x00000000d5b00000)
  from space 512K, 98% used [0x00000000d5b80000,0x00000000d5bfe900,0x00000000d5c00000)
  to   space 1024K, 0% used [0x00000000d5c00000,0x00000000d5c00000,0x00000000d5d00000)
 ParOldGen       total 631296K, used 631229K [0x0000000080000000, 0x00000000a6880000, 0x00000000d5580000)
  object space 631296K, 99% used [0x0000000080000000,0x00000000a686f7c8,0x00000000a6880000)
 Metaspace       used 90788K, committed 92736K, reserved 1179648K
  class space    used 9437K, committed 10304K, reserved 1048576K
}
Event: 260.334 GC heap after
{Heap after GC invocations=2550 (full 4):
 PSYoungGen      total 6656K, used 484K [0x00000000d5580000, 0x00000000d5d00000, 0x0000000100000000)
  eden space 5632K, 0% used [0x00000000d5580000,0x00000000d5580000,0x00000000d5b00000)
  from space 1024K, 47% used [0x00000000d5c00000,0x00000000d5c79210,0x00000000d5d00000)
  to   space 1024K, 0% used [0x00000000d5b00000,0x00000000d5b00000,0x00000000d5c00000)
 ParOldGen       total 631808K, used 631525K [0x0000000080000000, 0x00000000a6900000, 0x00000000d5580000)
  object space 631808K, 99% used [0x0000000080000000,0x00000000a68b9450,0x00000000a6900000)
 Metaspace       used 90788K, committed 92736K, reserved 1179648K
  class space    used 9437K, committed 10304K, reserved 1048576K
}
Event: 260.676 GC heap before
{Heap before GC invocations=2551 (full 4):
 PSYoungGen      total 6656K, used 6116K [0x00000000d5580000, 0x00000000d5d00000, 0x0000000100000000)
  eden space 5632K, 100% used [0x00000000d5580000,0x00000000d5b00000,0x00000000d5b00000)
  from space 1024K, 47% used [0x00000000d5c00000,0x00000000d5c79210,0x00000000d5d00000)
  to   space 1024K, 0% used [0x00000000d5b00000,0x00000000d5b00000,0x00000000d5c00000)
 ParOldGen       total 631808K, used 631525K [0x0000000080000000, 0x00000000a6900000, 0x00000000d5580000)
  object space 631808K, 99% used [0x0000000080000000,0x00000000a68b9450,0x00000000a6900000)
 Metaspace       used 90845K, committed 92736K, reserved 1179648K
  class space    used 9446K, committed 10304K, reserved 1048576K
}
Event: 260.682 GC heap after
{Heap after GC invocations=2551 (full 4):
 PSYoungGen      total 6656K, used 1024K [0x00000000d5580000, 0x00000000d5e00000, 0x0000000100000000)
  eden space 5632K, 0% used [0x00000000d5580000,0x00000000d5580000,0x00000000d5b00000)
  from space 1024K, 100% used [0x00000000d5b00000,0x00000000d5c00000,0x00000000d5c00000)
  to   space 1536K, 0% used [0x00000000d5c80000,0x00000000d5c80000,0x00000000d5e00000)
 ParOldGen       total 632320K, used 631812K [0x0000000080000000, 0x00000000a6980000, 0x00000000d5580000)
  object space 632320K, 99% used [0x0000000080000000,0x00000000a6901370,0x00000000a6980000)
 Metaspace       used 90845K, committed 92736K, reserved 1179648K
  class space    used 9446K, committed 10304K, reserved 1048576K
}
Event: 260.961 GC heap before
{Heap before GC invocations=2552 (full 4):
 PSYoungGen      total 6656K, used 6655K [0x00000000d5580000, 0x00000000d5e00000, 0x0000000100000000)
  eden space 5632K, 99% used [0x00000000d5580000,0x00000000d5affff8,0x00000000d5b00000)
  from space 1024K, 100% used [0x00000000d5b00000,0x00000000d5c00000,0x00000000d5c00000)
  to   space 1536K, 0% used [0x00000000d5c80000,0x00000000d5c80000,0x00000000d5e00000)
 ParOldGen       total 632320K, used 631812K [0x0000000080000000, 0x00000000a6980000, 0x00000000d5580000)
  object space 632320K, 99% used [0x0000000080000000,0x00000000a6901370,0x00000000a6980000)
 Metaspace       used 90910K, committed 92800K, reserved 1179648K
  class space    used 9458K, committed 10304K, reserved 1048576K
}

