# JRE version: OpenJDK Runtime Environment Temurin-21.0.8+9 (21.0.8+9) (build 21.0.8+9-LTS)
# Java VM: OpenJDK 64-Bit Server VM Temurin-21.0.8+9 (21.0.8+9-LTS, mixed mode, sharing, tiered, compressed oops, compressed class ptrs, parallel gc, windows-amd64)
GC Precious Log:
 CardTable entry size: 512
 CPUs: 12 total, 12 available
 Memory: 7896M
 Large Page Support: Disabled
 NUMA Support: Disabled
 Compressed Oops: Enabled (32-bit)
 Alignments: Space 512K, Generation 512K, Heap 2M
 Heap Min Capacity: 100M
 Heap Initial Capacity: 100M
 Heap Max Capacity: 2G
 Pre-touch: Disabled
 Parallel Workers: 10
Heap:
 PSYoungGen      total 5632K, used 1927K [0x00000000d5580000, 0x00000000d5c00000, 0x0000000100000000)
  eden space 4608K, 24% used [0x00000000d5580000,0x00000000d5694cd8,0x00000000d5a00000)
  from space 1024K, 80% used [0x00000000d5b00000,0x00000000d5bcd200,0x00000000d5c00000)
  to   space 1024K, 0% used [0x00000000d5a00000,0x00000000d5a00000,0x00000000d5b00000)
 ParOldGen       total 386560K, used 386329K [0x0000000080000000, 0x0000000097980000, 0x00000000d5580000)
  object space 386560K, 99% used [0x0000000080000000,0x0000000097946568,0x0000000097980000)
 Metaspace       used 89755K, committed 91648K, reserved 1179648K
  class space    used 9297K, committed 10176K, reserved 1048576K
GC Heap History (20 events):
Event: 44279.314 GC heap before
{Heap before GC invocations=823 (full 4):
 PSYoungGen      total 5632K, used 5354K [0x00000000d5580000, 0x00000000d5c00000, 0x0000000100000000)
  eden space 4608K, 100% used [0x00000000d5580000,0x00000000d5a00000,0x00000000d5a00000)
  from space 1024K, 72% used [0x00000000d5b00000,0x00000000d5bba930,0x00000000d5c00000)
  to   space 1024K, 0% used [0x00000000d5a00000,0x00000000d5a00000,0x00000000d5b00000)
 ParOldGen       total 382464K, used 382314K [0x0000000080000000, 0x0000000097580000, 0x00000000d5580000)
  object space 382464K, 99% used [0x0000000080000000,0x000000009755a9b8,0x0000000097580000)
 Metaspace       used 89664K, committed 91584K, reserved 1179648K
  class space    used 9297K, committed 10176K, reserved 1048576K
}
Event: 44279.320 GC heap after
{Heap after GC invocations=823 (full 4):
 PSYoungGen      total 5632K, used 480K [0x00000000d5580000, 0x00000000d5c00000, 0x0000000100000000)
  eden space 4608K, 0% used [0x00000000d5580000,0x00000000d5580000,0x00000000d5a00000)
  from space 1024K, 46% used [0x00000000d5a00000,0x00000000d5a78000,0x00000000d5b00000)
  to   space 1024K, 0% used [0x00000000d5b00000,0x00000000d5b00000,0x00000000d5c00000)
 ParOldGen       total 382976K, used 382930K [0x0000000080000000, 0x0000000097600000, 0x00000000d5580000)
  object space 382976K, 99% used [0x0000000080000000,0x00000000975f4bf8,0x0000000097600000)
 Metaspace       used 89664K, committed 91584K, reserved 1179648K
  class space    used 9297K, committed 10176K, reserved 1048576K
}
Event: 44279.374 GC heap before
{Heap before GC invocations=824 (full 4):
 PSYoungGen      total 5632K, used 5088K [0x00000000d5580000, 0x00000000d5c00000, 0x0000000100000000)
  eden space 4608K, 100% used [0x00000000d5580000,0x00000000d5a00000,0x00000000d5a00000)
  from space 1024K, 46% used [0x00000000d5a00000,0x00000000d5a78000,0x00000000d5b00000)
  to   space 1024K, 0% used [0x00000000d5b00000,0x00000000d5b00000,0x00000000d5c00000)
 ParOldGen       total 382976K, used 382930K [0x0000000080000000, 0x0000000097600000, 0x00000000d5580000)
  object space 382976K, 99% used [0x0000000080000000,0x00000000975f4bf8,0x0000000097600000)
 Metaspace       used 89678K, committed 91584K, reserved 1179648K
  class space    used 9297K, committed 10176K, reserved 1048576K
}
Event: 44279.381 GC heap after
{Heap after GC invocations=824 (full 4):
 PSYoungGen      total 5120K, used 192K [0x00000000d5580000, 0x00000000d5b80000, 0x0000000100000000)
  eden space 4608K, 0% used [0x00000000d5580000,0x00000000d5580000,0x00000000d5a00000)
  from space 512K, 37% used [0x00000000d5b00000,0x00000000d5b30000,0x00000000d5b80000)
  to   space 512K, 0% used [0x00000000d5a80000,0x00000000d5a80000,0x00000000d5b00000)
 ParOldGen       total 383488K, used 383210K [0x0000000080000000, 0x0000000097680000, 0x00000000d5580000)
  object space 383488K, 99% used [0x0000000080000000,0x000000009763abf8,0x0000000097680000)
 Metaspace       used 89678K, committed 91584K, reserved 1179648K
  class space    used 9297K, committed 10176K, reserved 1048576K
}
Event: 45181.589 GC heap before
{Heap before GC invocations=825 (full 4):
 PSYoungGen      total 5120K, used 4799K [0x00000000d5580000, 0x00000000d5b80000, 0x0000000100000000)
  eden space 4608K, 99% used [0x00000000d5580000,0x00000000d59ffff0,0x00000000d5a00000)
  from space 512K, 37% used [0x00000000d5b00000,0x00000000d5b30000,0x00000000d5b80000)
  to   space 512K, 0% used [0x00000000d5a80000,0x00000000d5a80000,0x00000000d5b00000)
 ParOldGen       total 383488K, used 383210K [0x0000000080000000, 0x0000000097680000, 0x00000000d5580000)
  object space 383488K, 99% used [0x0000000080000000,0x000000009763abf8,0x0000000097680000)
 Metaspace       used 89695K, committed 91584K, reserved 1179648K
  class space    used 9297K, committed 10176K, reserved 1048576K
}
Event: 45181.674 GC heap after
{Heap after GC invocations=825 (full 4):
 PSYoungGen      total 5120K, used 480K [0x00000000d5580000, 0x00000000d5c00000, 0x0000000100000000)
  eden space 4608K, 0% used [0x00000000d5580000,0x00000000d5580000,0x00000000d5a00000)
  from space 512K, 93% used [0x00000000d5a80000,0x00000000d5af8020,0x00000000d5b00000)
  to   space 1024K, 0% used [0x00000000d5b00000,0x00000000d5b00000,0x00000000d5c00000)
 ParOldGen       total 383488K, used 383378K [0x0000000080000000, 0x0000000097680000, 0x00000000d5580000)
  object space 383488K, 99% used [0x0000000080000000,0x0000000097664bf8,0x0000000097680000)
 Metaspace       used 89695K, committed 91584K, reserved 1179648K
  class space    used 9297K, committed 10176K, reserved 1048576K
}
Event: 46082.180 GC heap before
{Heap before GC invocations=826 (full 4):
 PSYoungGen      total 5120K, used 5088K [0x00000000d5580000, 0x00000000d5c00000, 0x0000000100000000)
  eden space 4608K, 100% used [0x00000000d5580000,0x00000000d5a00000,0x00000000d5a00000)
  from space 512K, 93% used [0x00000000d5a80000,0x00000000d5af8020,0x00000000d5b00000)
  to   space 1024K, 0% used [0x00000000d5b00000,0x00000000d5b00000,0x00000000d5c00000)
 ParOldGen       total 383488K, used 383378K [0x0000000080000000, 0x0000000097680000, 0x00000000d5580000)
  object space 383488K, 99% used [0x0000000080000000,0x0000000097664bf8,0x0000000097680000)
 Metaspace       used 89696K, committed 91584K, reserved 1179648K
  class space    used 9297K, committed 10176K, reserved 1048576K
}
Event: 46082.256 GC heap after
{Heap after GC invocations=826 (full 4):
 PSYoungGen      total 5632K, used 564K [0x00000000d5580000, 0x00000000d5c00000, 0x0000000100000000)
  eden space 4608K, 0% used [0x00000000d5580000,0x00000000d5580000,0x00000000d5a00000)
  from space 1024K, 55% used [0x00000000d5b00000,0x00000000d5b8d220,0x00000000d5c00000)
  to   space 1024K, 0% used [0x00000000d5a00000,0x00000000d5a00000,0x00000000d5b00000)
 ParOldGen       total 384000K, used 383767K [0x0000000080000000, 0x0000000097700000, 0x00000000d5580000)
  object space 384000K, 99% used [0x0000000080000000,0x00000000976c5e48,0x0000000097700000)
 Metaspace       used 89696K, committed 91584K, reserved 1179648K
  class space    used 9297K, committed 10176K, reserved 1048576K
}
Event: 46082.618 GC heap before
{Heap before GC invocations=827 (full 4):
 PSYoungGen      total 5632K, used 5152K [0x00000000d5580000, 0x00000000d5c00000, 0x0000000100000000)
  eden space 4608K, 99% used [0x00000000d5580000,0x00000000d59fb068,0x00000000d5a00000)
  from space 1024K, 55% used [0x00000000d5b00000,0x00000000d5b8d220,0x00000000d5c00000)
  to   space 1024K, 0% used [0x00000000d5a00000,0x00000000d5a00000,0x00000000d5b00000)
 ParOldGen       total 384000K, used 383767K [0x0000000080000000, 0x0000000097700000, 0x00000000d5580000)
  object space 384000K, 99% used [0x0000000080000000,0x00000000976c5e48,0x0000000097700000)
 Metaspace       used 89712K, committed 91584K, reserved 1179648K
  class space    used 9297K, committed 10176K, reserved 1048576K
}
Event: 46082.624 GC heap after
{Heap after GC invocations=827 (full 4):
 PSYoungGen      total 5632K, used 800K [0x00000000d5580000, 0x00000000d5c00000, 0x0000000100000000)
  eden space 4608K, 0% used [0x00000000d5580000,0x00000000d5580000,0x00000000d5a00000)
  from space 1024K, 78% used [0x00000000d5a00000,0x00000000d5ac8020,0x00000000d5b00000)
  to   space 1024K, 0% used [0x00000000d5b00000,0x00000000d5b00000,0x00000000d5c00000)
 ParOldGen       total 384512K, used 384156K [0x0000000080000000, 0x0000000097780000, 0x00000000d5580000)
  object space 384512K, 99% used [0x0000000080000000,0x0000000097727078,0x0000000097780000)
 Metaspace       used 89712K, committed 91584K, reserved 1179648K
  class space    used 9297K, committed 10176K, reserved 1048576K
}
Event: 46082.729 GC heap before
{Heap before GC invocations=828 (full 4):
 PSYoungGen      total 5632K, used 5408K [0x00000000d5580000, 0x00000000d5c00000, 0x0000000100000000)
  eden space 4608K, 99% used [0x00000000d5580000,0x00000000d59fffe8,0x00000000d5a00000)
  from space 1024K, 78% used [0x00000000d5a00000,0x00000000d5ac8020,0x00000000d5b00000)
  to   space 1024K, 0% used [0x00000000d5b00000,0x00000000d5b00000,0x00000000d5c00000)
 ParOldGen       total 384512K, used 384156K [0x0000000080000000, 0x0000000097780000, 0x00000000d5580000)
  object space 384512K, 99% used [0x0000000080000000,0x0000000097727078,0x0000000097780000)
 Metaspace       used 89717K, committed 91584K, reserved 1179648K
  class space    used 9297K, committed 10176K, reserved 1048576K
}
Event: 46082.733 GC heap after
{Heap after GC invocations=828 (full 4):
 PSYoungGen      total 5120K, used 192K [0x00000000d5580000, 0x00000000d5b80000, 0x0000000100000000)
  eden space 4608K, 0% used [0x00000000d5580000,0x00000000d5580000,0x00000000d5a00000)
  from space 512K, 37% used [0x00000000d5b00000,0x00000000d5b30000,0x00000000d5b80000)
  to   space 512K, 0% used [0x00000000d5a80000,0x00000000d5a80000,0x00000000d5b00000)
 ParOldGen       total 385024K, used 384740K [0x0000000080000000, 0x0000000097800000, 0x00000000d5580000)
  object space 385024K, 99% used [0x0000000080000000,0x00000000977b90b8,0x0000000097800000)
 Metaspace       used 89717K, committed 91584K, reserved 1179648K
  class space    used 9297K, committed 10176K, reserved 1048576K
}
Event: 46987.054 GC heap before
{Heap before GC invocations=829 (full 4):
 PSYoungGen      total 5120K, used 4800K [0x00000000d5580000, 0x00000000d5b80000, 0x0000000100000000)
  eden space 4608K, 100% used [0x00000000d5580000,0x00000000d5a00000,0x00000000d5a00000)
  from space 512K, 37% used [0x00000000d5b00000,0x00000000d5b30000,0x00000000d5b80000)
  to   space 512K, 0% used [0x00000000d5a80000,0x00000000d5a80000,0x00000000d5b00000)
 ParOldGen       total 385024K, used 384740K [0x0000000080000000, 0x0000000097800000, 0x00000000d5580000)
  object space 385024K, 99% used [0x0000000080000000,0x00000000977b90b8,0x0000000097800000)
 Metaspace       used 89731K, committed 91648K, reserved 1179648K
  class space    used 9297K, committed 10176K, reserved 1048576K
}
Event: 46987.147 GC heap after
{Heap after GC invocations=829 (full 4):
 PSYoungGen      total 5120K, used 496K [0x00000000d5580000, 0x00000000d5c00000, 0x0000000100000000)
  eden space 4608K, 0% used [0x00000000d5580000,0x00000000d5580000,0x00000000d5a00000)
  from space 512K, 96% used [0x00000000d5a80000,0x00000000d5afc030,0x00000000d5b00000)
  to   space 1024K, 0% used [0x00000000d5b00000,0x00000000d5b00000,0x00000000d5c00000)
 ParOldGen       total 385024K, used 384880K [0x0000000080000000, 0x0000000097800000, 0x00000000d5580000)
  object space 385024K, 99% used [0x0000000080000000,0x00000000977dc0c8,0x0000000097800000)
 Metaspace       used 89731K, committed 91648K, reserved 1179648K
  class space    used 9297K, committed 10176K, reserved 1048576K
}
Event: 47876.837 GC heap before
{Heap before GC invocations=830 (full 4):
 PSYoungGen      total 5120K, used 5103K [0x00000000d5580000, 0x00000000d5c00000, 0x0000000100000000)
  eden space 4608K, 99% used [0x00000000d5580000,0x00000000d59fff20,0x00000000d5a00000)
  from space 512K, 96% used [0x00000000d5a80000,0x00000000d5afc030,0x00000000d5b00000)
  to   space 1024K, 0% used [0x00000000d5b00000,0x00000000d5b00000,0x00000000d5c00000)
 ParOldGen       total 385024K, used 384880K [0x0000000080000000, 0x0000000097800000, 0x00000000d5580000)
  object space 385024K, 99% used [0x0000000080000000,0x00000000977dc0c8,0x0000000097800000)
 Metaspace       used 89737K, committed 91648K, reserved 1179648K
  class space    used 9297K, committed 10176K, reserved 1048576K
}
Event: 47876.902 GC heap after
{Heap after GC invocations=830 (full 4):
 PSYoungGen      total 5632K, used 596K [0x00000000d5580000, 0x00000000d5c00000, 0x0000000100000000)
  eden space 4608K, 0% used [0x00000000d5580000,0x00000000d5580000,0x00000000d5a00000)
  from space 1024K, 58% used [0x00000000d5b00000,0x00000000d5b95220,0x00000000d5c00000)
  to   space 1024K, 0% used [0x00000000d5a00000,0x00000000d5a00000,0x00000000d5b00000)
 ParOldGen       total 385536K, used 385304K [0x0000000080000000, 0x0000000097880000, 0x00000000d5580000)
  object space 385536K, 99% used [0x0000000080000000,0x0000000097846308,0x0000000097880000)
 Metaspace       used 89737K, committed 91648K, reserved 1179648K
  class space    used 9297K, committed 10176K, reserved 1048576K
}
Event: 47877.067 GC heap before
{Heap before GC invocations=831 (full 4):
 PSYoungGen      total 5632K, used 5204K [0x00000000d5580000, 0x00000000d5c00000, 0x0000000100000000)
  eden space 4608K, 100% used [0x00000000d5580000,0x00000000d5a00000,0x00000000d5a00000)
  from space 1024K, 58% used [0x00000000d5b00000,0x00000000d5b95220,0x00000000d5c00000)
  to   space 1024K, 0% used [0x00000000d5a00000,0x00000000d5a00000,0x00000000d5b00000)
 ParOldGen       total 385536K, used 385304K [0x0000000080000000, 0x0000000097880000, 0x00000000d5580000)
  object space 385536K, 99% used [0x0000000080000000,0x0000000097846308,0x0000000097880000)
 Metaspace       used 89753K, committed 91648K, reserved 1179648K
  class space    used 9297K, committed 10176K, reserved 1048576K
}
Event: 47877.073 GC heap after
{Heap after GC invocations=831 (full 4):
 PSYoungGen      total 5632K, used 960K [0x00000000d5580000, 0x00000000d5c00000, 0x0000000100000000)
  eden space 4608K, 0% used [0x00000000d5580000,0x00000000d5580000,0x00000000d5a00000)
  from space 1024K, 93% used [0x00000000d5a00000,0x00000000d5af0040,0x00000000d5b00000)
  to   space 1024K, 0% used [0x00000000d5b00000,0x00000000d5b00000,0x00000000d5c00000)
 ParOldGen       total 386048K, used 385709K [0x0000000080000000, 0x0000000097900000, 0x00000000d5580000)
  object space 386048K, 99% used [0x0000000080000000,0x00000000978ab538,0x0000000097900000)
 Metaspace       used 89753K, committed 91648K, reserved 1179648K
  class space    used 9297K, committed 10176K, reserved 1048576K
}
Event: 47877.114 GC heap before
{Heap before GC invocations=832 (full 4):
 PSYoungGen      total 5632K, used 5568K [0x00000000d5580000, 0x00000000d5c00000, 0x0000000100000000)
  eden space 4608K, 100% used [0x00000000d5580000,0x00000000d5a00000,0x00000000d5a00000)
  from space 1024K, 93% used [0x00000000d5a00000,0x00000000d5af0040,0x00000000d5b00000)
  to   space 1024K, 0% used [0x00000000d5b00000,0x00000000d5b00000,0x00000000d5c00000)
 ParOldGen       total 386048K, used 385709K [0x0000000080000000, 0x0000000097900000, 0x00000000d5580000)
  object space 386048K, 99% used [0x0000000080000000,0x00000000978ab538,0x0000000097900000)
 Metaspace       used 89754K, committed 91648K, reserved 1179648K
  class space    used 9297K, committed 10176K, reserved 1048576K
}
Event: 47877.123 GC heap after
{Heap after GC invocations=832 (full 4):
 PSYoungGen      total 5632K, used 820K [0x00000000d5580000, 0x00000000d5c00000, 0x0000000100000000)
  eden space 4608K, 0% used [0x00000000d5580000,0x00000000d5580000,0x00000000d5a00000)
  from space 1024K, 80% used [0x00000000d5b00000,0x00000000d5bcd200,0x00000000d5c00000)
  to   space 1024K, 0% used [0x00000000d5a00000,0x00000000d5a00000,0x00000000d5b00000)
 ParOldGen       total 386560K, used 386329K [0x0000000080000000, 0x0000000097980000, 0x00000000d5580000)
  object space 386560K, 99% used [0x0000000080000000,0x0000000097946568,0x0000000097980000)
 Metaspace       used 89754K, committed 91648K, reserved 1179648K
  class space    used 9297K, committed 10176K, reserved 1048576K
}

