# JRE version: OpenJDK Runtime Environment Temurin-21.0.9+10 (21.0.9+10) (build 21.0.9+10-LTS)
# Java VM: OpenJDK 64-Bit Server VM Temurin-21.0.9+10 (21.0.9+10-LTS, mixed mode, sharing, tiered, compressed oops, compressed class ptrs, parallel gc, windows-amd64)
GC Precious Log:
 CardTable entry size: 512
 CPUs: 12 total, 12 available
 Memory: 7896M
 Large Page Support: Disabled
 NUMA Support: Disabled
 Compressed Oops: Enabled (32-bit)
 Alignments: Space 512K, Generation 512K, Heap 2M
 Heap Min Capacity: 100M
 Heap Initial Capacity: 100M
 Heap Max Capacity: 2G
 Pre-touch: Disabled
 Parallel Workers: 10
Heap:
 PSYoungGen      total 4096K, used 2932K [0x00000000d5580000, 0x00000000d5a00000, 0x0000000100000000)
  eden space 3072K, 86% used [0x00000000d5580000,0x00000000d5815338,0x00000000d5880000)
  from space 1024K, 28% used [0x00000000d5880000,0x00000000d58c8000,0x00000000d5980000)
  to   space 512K, 0% used [0x00000000d5980000,0x00000000d5980000,0x00000000d5a00000)
 ParOldGen       total 198656K, used 198344K [0x0000000080000000, 0x000000008c200000, 0x00000000d5580000)
  object space 198656K, 99% used [0x0000000080000000,0x000000008c1b21b0,0x000000008c200000)
 Metaspace       used 75895K, committed 77568K, reserved 1179648K
  class space    used 7837K, committed 8576K, reserved 1048576K
GC Heap History (20 events):
Event: 102.574 GC heap before
{Heap before GC invocations=590 (full 4):
 PSYoungGen      total 3584K, used 3348K [0x00000000d5580000, 0x00000000d5a00000, 0x0000000100000000)
  eden space 3072K, 100% used [0x00000000d5580000,0x00000000d5880000,0x00000000d5880000)
  from space 512K, 54% used [0x00000000d5900000,0x00000000d5945200,0x00000000d5980000)
  to   space 512K, 0% used [0x00000000d5980000,0x00000000d5980000,0x00000000d5a00000)
 ParOldGen       total 197120K, used 197047K [0x0000000080000000, 0x000000008c080000, 0x00000000d5580000)
  object space 197120K, 99% used [0x0000000080000000,0x000000008c06dd90,0x000000008c080000)
 Metaspace       used 75432K, committed 77120K, reserved 1179648K
  class space    used 7794K, committed 8576K, reserved 1048576K
}
Event: 102.576 GC heap after
{Heap after GC invocations=590 (full 4):
 PSYoungGen      total 3584K, used 416K [0x00000000d5580000, 0x00000000d5a00000, 0x0000000100000000)
  eden space 3072K, 0% used [0x00000000d5580000,0x00000000d5580000,0x00000000d5880000)
  from space 512K, 81% used [0x00000000d5980000,0x00000000d59e8000,0x00000000d5a00000)
  to   space 512K, 0% used [0x00000000d5900000,0x00000000d5900000,0x00000000d5980000)
 ParOldGen       total 197632K, used 197155K [0x0000000080000000, 0x000000008c100000, 0x00000000d5580000)
  object space 197632K, 99% used [0x0000000080000000,0x000000008c088f90,0x000000008c100000)
 Metaspace       used 75432K, committed 77120K, reserved 1179648K
  class space    used 7794K, committed 8576K, reserved 1048576K
}
Event: 102.602 GC heap before
{Heap before GC invocations=591 (full 4):
 PSYoungGen      total 3584K, used 3488K [0x00000000d5580000, 0x00000000d5a00000, 0x0000000100000000)
  eden space 3072K, 100% used [0x00000000d5580000,0x00000000d5880000,0x00000000d5880000)
  from space 512K, 81% used [0x00000000d5980000,0x00000000d59e8000,0x00000000d5a00000)
  to   space 512K, 0% used [0x00000000d5900000,0x00000000d5900000,0x00000000d5980000)
 ParOldGen       total 197632K, used 197155K [0x0000000080000000, 0x000000008c100000, 0x00000000d5580000)
  object space 197632K, 99% used [0x0000000080000000,0x000000008c088f90,0x000000008c100000)
 Metaspace       used 75447K, committed 77184K, reserved 1179648K
  class space    used 7794K, committed 8576K, reserved 1048576K
}
Event: 102.604 GC heap after
{Heap after GC invocations=591 (full 4):
 PSYoungGen      total 3584K, used 442K [0x00000000d5580000, 0x00000000d5a00000, 0x0000000100000000)
  eden space 3072K, 0% used [0x00000000d5580000,0x00000000d5580000,0x00000000d5880000)
  from space 512K, 86% used [0x00000000d5900000,0x00000000d596e900,0x00000000d5980000)
  to   space 512K, 0% used [0x00000000d5980000,0x00000000d5980000,0x00000000d5a00000)
 ParOldGen       total 197632K, used 197539K [0x0000000080000000, 0x000000008c100000, 0x00000000d5580000)
  object space 197632K, 99% used [0x0000000080000000,0x000000008c0e8fa0,0x000000008c100000)
 Metaspace       used 75447K, committed 77184K, reserved 1179648K
  class space    used 7794K, committed 8576K, reserved 1048576K
}
Event: 102.625 GC heap before
{Heap before GC invocations=592 (full 4):
 PSYoungGen      total 3584K, used 3514K [0x00000000d5580000, 0x00000000d5a00000, 0x0000000100000000)
  eden space 3072K, 100% used [0x00000000d5580000,0x00000000d5880000,0x00000000d5880000)
  from space 512K, 86% used [0x00000000d5900000,0x00000000d596e900,0x00000000d5980000)
  to   space 512K, 0% used [0x00000000d5980000,0x00000000d5980000,0x00000000d5a00000)
 ParOldGen       total 197632K, used 197539K [0x0000000080000000, 0x000000008c100000, 0x00000000d5580000)
  object space 197632K, 99% used [0x0000000080000000,0x000000008c0e8fa0,0x000000008c100000)
 Metaspace       used 75448K, committed 77184K, reserved 1179648K
  class space    used 7794K, committed 8576K, reserved 1048576K
}
Event: 102.627 GC heap after
{Heap after GC invocations=592 (full 4):
 PSYoungGen      total 3584K, used 500K [0x00000000d5580000, 0x00000000d5a80000, 0x0000000100000000)
  eden space 3072K, 0% used [0x00000000d5580000,0x00000000d5580000,0x00000000d5880000)
  from space 512K, 97% used [0x00000000d5980000,0x00000000d59fd200,0x00000000d5a00000)
  to   space 1024K, 0% used [0x00000000d5880000,0x00000000d5880000,0x00000000d5980000)
 ParOldGen       total 197632K, used 197611K [0x0000000080000000, 0x000000008c100000, 0x00000000d5580000)
  object space 197632K, 99% used [0x0000000080000000,0x000000008c0fafa0,0x000000008c100000)
 Metaspace       used 75448K, committed 77184K, reserved 1179648K
  class space    used 7794K, committed 8576K, reserved 1048576K
}
Event: 102.640 GC heap before
{Heap before GC invocations=593 (full 4):
 PSYoungGen      total 3584K, used 3572K [0x00000000d5580000, 0x00000000d5a80000, 0x0000000100000000)
  eden space 3072K, 100% used [0x00000000d5580000,0x00000000d5880000,0x00000000d5880000)
  from space 512K, 97% used [0x00000000d5980000,0x00000000d59fd200,0x00000000d5a00000)
  to   space 1024K, 0% used [0x00000000d5880000,0x00000000d5880000,0x00000000d5980000)
 ParOldGen       total 197632K, used 197611K [0x0000000080000000, 0x000000008c100000, 0x00000000d5580000)
  object space 197632K, 99% used [0x0000000080000000,0x000000008c0fafa0,0x000000008c100000)
 Metaspace       used 75448K, committed 77184K, reserved 1179648K
  class space    used 7794K, committed 8576K, reserved 1048576K
}
Event: 102.641 GC heap after
{Heap after GC invocations=593 (full 4):
 PSYoungGen      total 4096K, used 538K [0x00000000d5580000, 0x00000000d5a80000, 0x0000000100000000)
  eden space 3072K, 0% used [0x00000000d5580000,0x00000000d5580000,0x00000000d5880000)
  from space 1024K, 52% used [0x00000000d5880000,0x00000000d5906900,0x00000000d5980000)
  to   space 1024K, 0% used [0x00000000d5980000,0x00000000d5980000,0x00000000d5a80000)
 ParOldGen       total 198144K, used 197651K [0x0000000080000000, 0x000000008c180000, 0x00000000d5580000)
  object space 198144K, 99% used [0x0000000080000000,0x000000008c104fa0,0x000000008c180000)
 Metaspace       used 75448K, committed 77184K, reserved 1179648K
  class space    used 7794K, committed 8576K, reserved 1048576K
}
Event: 102.652 GC heap before
{Heap before GC invocations=594 (full 4):
 PSYoungGen      total 4096K, used 3610K [0x00000000d5580000, 0x00000000d5a80000, 0x0000000100000000)
  eden space 3072K, 100% used [0x00000000d5580000,0x00000000d5880000,0x00000000d5880000)
  from space 1024K, 52% used [0x00000000d5880000,0x00000000d5906900,0x00000000d5980000)
  to   space 1024K, 0% used [0x00000000d5980000,0x00000000d5980000,0x00000000d5a80000)
 ParOldGen       total 198144K, used 197651K [0x0000000080000000, 0x000000008c180000, 0x00000000d5580000)
  object space 198144K, 99% used [0x0000000080000000,0x000000008c104fa0,0x000000008c180000)
 Metaspace       used 75448K, committed 77184K, reserved 1179648K
  class space    used 7794K, committed 8576K, reserved 1048576K
}
Event: 102.654 GC heap after
{Heap after GC invocations=594 (full 4):
 PSYoungGen      total 3584K, used 234K [0x00000000d5580000, 0x00000000d5a00000, 0x0000000100000000)
  eden space 3072K, 0% used [0x00000000d5580000,0x00000000d5580000,0x00000000d5880000)
  from space 512K, 45% used [0x00000000d5980000,0x00000000d59ba910,0x00000000d5a00000)
  to   space 512K, 0% used [0x00000000d5900000,0x00000000d5900000,0x00000000d5980000)
 ParOldGen       total 198144K, used 197659K [0x0000000080000000, 0x000000008c180000, 0x00000000d5580000)
  object space 198144K, 99% used [0x0000000080000000,0x000000008c106fa0,0x000000008c180000)
 Metaspace       used 75448K, committed 77184K, reserved 1179648K
  class space    used 7794K, committed 8576K, reserved 1048576K
}
Event: 102.661 GC heap before
{Heap before GC invocations=595 (full 4):
 PSYoungGen      total 3584K, used 3305K [0x00000000d5580000, 0x00000000d5a00000, 0x0000000100000000)
  eden space 3072K, 99% used [0x00000000d5580000,0x00000000d587fe10,0x00000000d5880000)
  from space 512K, 45% used [0x00000000d5980000,0x00000000d59ba910,0x00000000d5a00000)
  to   space 512K, 0% used [0x00000000d5900000,0x00000000d5900000,0x00000000d5980000)
 ParOldGen       total 198144K, used 197659K [0x0000000080000000, 0x000000008c180000, 0x00000000d5580000)
  object space 198144K, 99% used [0x0000000080000000,0x000000008c106fa0,0x000000008c180000)
 Metaspace       used 75448K, committed 77184K, reserved 1179648K
  class space    used 7794K, committed 8576K, reserved 1048576K
}
Event: 102.663 GC heap after
{Heap after GC invocations=595 (full 4):
 PSYoungGen      total 3584K, used 218K [0x00000000d5580000, 0x00000000d5a00000, 0x0000000100000000)
  eden space 3072K, 0% used [0x00000000d5580000,0x00000000d5580000,0x00000000d5880000)
  from space 512K, 42% used [0x00000000d5900000,0x00000000d5936900,0x00000000d5980000)
  to   space 512K, 0% used [0x00000000d5980000,0x00000000d5980000,0x00000000d5a00000)
 ParOldGen       total 198144K, used 197675K [0x0000000080000000, 0x000000008c180000, 0x00000000d5580000)
  object space 198144K, 99% used [0x0000000080000000,0x000000008c10afa0,0x000000008c180000)
 Metaspace       used 75448K, committed 77184K, reserved 1179648K
  class space    used 7794K, committed 8576K, reserved 1048576K
}
Event: 102.671 GC heap before
{Heap before GC invocations=596 (full 4):
 PSYoungGen      total 3584K, used 3290K [0x00000000d5580000, 0x00000000d5a00000, 0x0000000100000000)
  eden space 3072K, 100% used [0x00000000d5580000,0x00000000d5880000,0x00000000d5880000)
  from space 512K, 42% used [0x00000000d5900000,0x00000000d5936900,0x00000000d5980000)
  to   space 512K, 0% used [0x00000000d5980000,0x00000000d5980000,0x00000000d5a00000)
 ParOldGen       total 198144K, used 197675K [0x0000000080000000, 0x000000008c180000, 0x00000000d5580000)
  object space 198144K, 99% used [0x0000000080000000,0x000000008c10afa0,0x000000008c180000)
 Metaspace       used 75448K, committed 77184K, reserved 1179648K
  class space    used 7794K, committed 8576K, reserved 1048576K
}
Event: 102.673 GC heap after
{Heap after GC invocations=596 (full 4):
 PSYoungGen      total 3584K, used 448K [0x00000000d5580000, 0x00000000d5a00000, 0x0000000100000000)
  eden space 3072K, 0% used [0x00000000d5580000,0x00000000d5580000,0x00000000d5880000)
  from space 512K, 87% used [0x00000000d5980000,0x00000000d59f0000,0x00000000d5a00000)
  to   space 512K, 0% used [0x00000000d5900000,0x00000000d5900000,0x00000000d5980000)
 ParOldGen       total 198144K, used 197792K [0x0000000080000000, 0x000000008c180000, 0x00000000d5580000)
  object space 198144K, 99% used [0x0000000080000000,0x000000008c1281a0,0x000000008c180000)
 Metaspace       used 75448K, committed 77184K, reserved 1179648K
  class space    used 7794K, committed 8576K, reserved 1048576K
}
Event: 102.681 GC heap before
{Heap before GC invocations=597 (full 4):
 PSYoungGen      total 3584K, used 3520K [0x00000000d5580000, 0x00000000d5a00000, 0x0000000100000000)
  eden space 3072K, 100% used [0x00000000d5580000,0x00000000d5880000,0x00000000d5880000)
  from space 512K, 87% used [0x00000000d5980000,0x00000000d59f0000,0x00000000d5a00000)
  to   space 512K, 0% used [0x00000000d5900000,0x00000000d5900000,0x00000000d5980000)
 ParOldGen       total 198144K, used 197792K [0x0000000080000000, 0x000000008c180000, 0x00000000d5580000)
  object space 198144K, 99% used [0x0000000080000000,0x000000008c1281a0,0x000000008c180000)
 Metaspace       used 75448K, committed 77184K, reserved 1179648K
  class space    used 7794K, committed 8576K, reserved 1048576K
}
Event: 102.683 GC heap after
{Heap after GC invocations=597 (full 4):
 PSYoungGen      total 3584K, used 506K [0x00000000d5580000, 0x00000000d5a80000, 0x0000000100000000)
  eden space 3072K, 0% used [0x00000000d5580000,0x00000000d5580000,0x00000000d5880000)
  from space 512K, 98% used [0x00000000d5900000,0x00000000d597e900,0x00000000d5980000)
  to   space 1024K, 0% used [0x00000000d5980000,0x00000000d5980000,0x00000000d5a80000)
 ParOldGen       total 198656K, used 198208K [0x0000000080000000, 0x000000008c200000, 0x00000000d5580000)
  object space 198656K, 99% used [0x0000000080000000,0x000000008c1901b0,0x000000008c200000)
 Metaspace       used 75448K, committed 77184K, reserved 1179648K
  class space    used 7794K, committed 8576K, reserved 1048576K
}
Event: 347.130 GC heap before
{Heap before GC invocations=598 (full 4):
 PSYoungGen      total 3584K, used 3565K [0x00000000d5580000, 0x00000000d5a80000, 0x0000000100000000)
  eden space 3072K, 99% used [0x00000000d5580000,0x00000000d587ce48,0x00000000d5880000)
  from space 512K, 98% used [0x00000000d5900000,0x00000000d597e900,0x00000000d5980000)
  to   space 1024K, 0% used [0x00000000d5980000,0x00000000d5980000,0x00000000d5a80000)
 ParOldGen       total 198656K, used 198208K [0x0000000080000000, 0x000000008c200000, 0x00000000d5580000)
  object space 198656K, 99% used [0x0000000080000000,0x000000008c1901b0,0x000000008c200000)
 Metaspace       used 75545K, committed 77248K, reserved 1179648K
  class space    used 7808K, committed 8576K, reserved 1048576K
}
Event: 347.196 GC heap after
{Heap after GC invocations=598 (full 4):
 PSYoungGen      total 4096K, used 320K [0x00000000d5580000, 0x00000000d5a80000, 0x0000000100000000)
  eden space 3072K, 0% used [0x00000000d5580000,0x00000000d5580000,0x00000000d5880000)
  from space 1024K, 31% used [0x00000000d5980000,0x00000000d59d0000,0x00000000d5a80000)
  to   space 1024K, 0% used [0x00000000d5880000,0x00000000d5880000,0x00000000d5980000)
 ParOldGen       total 198656K, used 198272K [0x0000000080000000, 0x000000008c200000, 0x00000000d5580000)
  object space 198656K, 99% used [0x0000000080000000,0x000000008c1a01b0,0x000000008c200000)
 Metaspace       used 75545K, committed 77248K, reserved 1179648K
  class space    used 7808K, committed 8576K, reserved 1048576K
}
Event: 910.189 GC heap before
{Heap before GC invocations=599 (full 4):
 PSYoungGen      total 4096K, used 3392K [0x00000000d5580000, 0x00000000d5a80000, 0x0000000100000000)
  eden space 3072K, 100% used [0x00000000d5580000,0x00000000d5880000,0x00000000d5880000)
  from space 1024K, 31% used [0x00000000d5980000,0x00000000d59d0000,0x00000000d5a80000)
  to   space 1024K, 0% used [0x00000000d5880000,0x00000000d5880000,0x00000000d5980000)
 ParOldGen       total 198656K, used 198272K [0x0000000080000000, 0x000000008c200000, 0x00000000d5580000)
  object space 198656K, 99% used [0x0000000080000000,0x000000008c1a01b0,0x000000008c200000)
 Metaspace       used 75848K, committed 77568K, reserved 1179648K
  class space    used 7836K, committed 8576K, reserved 1048576K
}
Event: 910.222 GC heap after
{Heap after GC invocations=599 (full 4):
 PSYoungGen      total 4096K, used 288K [0x00000000d5580000, 0x00000000d5a00000, 0x0000000100000000)
  eden space 3072K, 0% used [0x00000000d5580000,0x00000000d5580000,0x00000000d5880000)
  from space 1024K, 28% used [0x00000000d5880000,0x00000000d58c8000,0x00000000d5980000)
  to   space 512K, 0% used [0x00000000d5980000,0x00000000d5980000,0x00000000d5a00000)
 ParOldGen       total 198656K, used 198344K [0x0000000080000000, 0x000000008c200000, 0x00000000d5580000)
  object space 198656K, 99% used [0x0000000080000000,0x000000008c1b21b0,0x000000008c200000)
 Metaspace       used 75848K, committed 77568K, reserved 1179648K
  class space    used 7836K, committed 8576K, reserved 1048576K
}

