# JRE version: OpenJDK Runtime Environment Temurin-21.0.9+10 (21.0.9+10) (build 21.0.9+10-LTS)
# Java VM: OpenJDK 64-Bit Server VM Temurin-21.0.9+10 (21.0.9+10-LTS, mixed mode, sharing, tiered, compressed oops, compressed class ptrs, parallel gc, windows-amd64)
GC Precious Log:
 CardTable entry size: 512
 CPUs: 12 total, 12 available
 Memory: 7896M
 Large Page Support: Disabled
 NUMA Support: Disabled
 Compressed Oops: Enabled (32-bit)
 Alignments: Space 512K, Generation 512K, Heap 2M
 Heap Min Capacity: 100M
 Heap Initial Capacity: 100M
 Heap Max Capacity: 2G
 Pre-touch: Disabled
 Parallel Workers: 10
Heap:
 PSYoungGen      total 23552K, used 18174K [0x00000000d5580000, 0x00000000d7380000, 0x0000000100000000)
  eden space 22016K, 78% used [0x00000000d5580000,0x00000000d664fbf0,0x00000000d6b00000)
  from space 1536K, 62% used [0x00000000d6f00000,0x00000000d6ff0000,0x00000000d7080000)
  to   space 1536K, 0% used [0x00000000d7200000,0x00000000d7200000,0x00000000d7380000)
 ParOldGen       total 722944K, used 669086K [0x0000000080000000, 0x00000000ac200000, 0x00000000d5580000)
  object space 722944K, 92% used [0x0000000080000000,0x00000000a8d67bd8,0x00000000ac200000)
 Metaspace       used 87751K, committed 89472K, reserved 1179648K
  class space    used 8872K, committed 9728K, reserved 1048576K
GC Heap History (20 events):
Event: 18736.871 GC heap before
{Heap before GC invocations=1161 (full 5):
 PSYoungGen      total 18944K, used 18848K [0x00000000d5580000, 0x00000000d7600000, 0x0000000100000000)
  eden space 18432K, 100% used [0x00000000d5580000,0x00000000d6780000,0x00000000d6780000)
  from space 512K, 81% used [0x00000000d6800000,0x00000000d6868000,0x00000000d6880000)
  to   space 5120K, 0% used [0x00000000d7100000,0x00000000d7100000,0x00000000d7600000)
 ParOldGen       total 722944K, used 609044K [0x0000000080000000, 0x00000000ac200000, 0x00000000d5580000)
  object space 722944K, 84% used [0x0000000080000000,0x00000000a52c5128,0x00000000ac200000)
 Metaspace       used 87627K, committed 89344K, reserved 1179648K
  class space    used 8872K, committed 9728K, reserved 1048576K
}
Event: 18736.875 GC heap after
{Heap after GC invocations=1161 (full 5):
 PSYoungGen      total 24576K, used 1924K [0x00000000d5580000, 0x00000000d7300000, 0x0000000100000000)
  eden space 22528K, 0% used [0x00000000d5580000,0x00000000d5580000,0x00000000d6b80000)
  from space 2048K, 93% used [0x00000000d7100000,0x00000000d72e1210,0x00000000d7300000)
  to   space 2560K, 0% used [0x00000000d6e00000,0x00000000d6e00000,0x00000000d7080000)
 ParOldGen       total 722944K, used 609275K [0x0000000080000000, 0x00000000ac200000, 0x00000000d5580000)
  object space 722944K, 84% used [0x0000000080000000,0x00000000a52fec58,0x00000000ac200000)
 Metaspace       used 87627K, committed 89344K, reserved 1179648K
  class space    used 8872K, committed 9728K, reserved 1048576K
}
Event: 18769.254 GC heap before
{Heap before GC invocations=1162 (full 5):
 PSYoungGen      total 24576K, used 24452K [0x00000000d5580000, 0x00000000d7300000, 0x0000000100000000)
  eden space 22528K, 100% used [0x00000000d5580000,0x00000000d6b80000,0x00000000d6b80000)
  from space 2048K, 93% used [0x00000000d7100000,0x00000000d72e1210,0x00000000d7300000)
  to   space 2560K, 0% used [0x00000000d6e00000,0x00000000d6e00000,0x00000000d7080000)
 ParOldGen       total 722944K, used 609275K [0x0000000080000000, 0x00000000ac200000, 0x00000000d5580000)
  object space 722944K, 84% used [0x0000000080000000,0x00000000a52fec58,0x00000000ac200000)
 Metaspace       used 87642K, committed 89408K, reserved 1179648K
  class space    used 8872K, committed 9728K, reserved 1048576K
}
Event: 18769.280 GC heap after
{Heap after GC invocations=1162 (full 5):
 PSYoungGen      total 23552K, used 1140K [0x00000000d5580000, 0x00000000d7180000, 0x0000000100000000)
  eden space 22016K, 0% used [0x00000000d5580000,0x00000000d5580000,0x00000000d6b00000)
  from space 1536K, 74% used [0x00000000d6e00000,0x00000000d6f1d200,0x00000000d6f80000)
  to   space 1536K, 0% used [0x00000000d7000000,0x00000000d7000000,0x00000000d7180000)
 ParOldGen       total 722944K, used 611042K [0x0000000080000000, 0x00000000ac200000, 0x00000000d5580000)
  object space 722944K, 84% used [0x0000000080000000,0x00000000a54b8b38,0x00000000ac200000)
 Metaspace       used 87642K, committed 89408K, reserved 1179648K
  class space    used 8872K, committed 9728K, reserved 1048576K
}
Event: 19472.772 GC heap before
{Heap before GC invocations=1163 (full 5):
 PSYoungGen      total 23552K, used 23156K [0x00000000d5580000, 0x00000000d7180000, 0x0000000100000000)
  eden space 22016K, 100% used [0x00000000d5580000,0x00000000d6b00000,0x00000000d6b00000)
  from space 1536K, 74% used [0x00000000d6e00000,0x00000000d6f1d200,0x00000000d6f80000)
  to   space 1536K, 0% used [0x00000000d7000000,0x00000000d7000000,0x00000000d7180000)
 ParOldGen       total 722944K, used 611042K [0x0000000080000000, 0x00000000ac200000, 0x00000000d5580000)
  object space 722944K, 84% used [0x0000000080000000,0x00000000a54b8b38,0x00000000ac200000)
 Metaspace       used 87659K, committed 89408K, reserved 1179648K
  class space    used 8872K, committed 9728K, reserved 1048576K
}
Event: 19472.878 GC heap after
{Heap after GC invocations=1163 (full 5):
 PSYoungGen      total 23552K, used 1520K [0x00000000d5580000, 0x00000000d7400000, 0x0000000100000000)
  eden space 22016K, 0% used [0x00000000d5580000,0x00000000d5580000,0x00000000d6b00000)
  from space 1536K, 98% used [0x00000000d7000000,0x00000000d717c050,0x00000000d7180000)
  to   space 4608K, 0% used [0x00000000d6b00000,0x00000000d6b00000,0x00000000d6f80000)
 ParOldGen       total 722944K, used 613614K [0x0000000080000000, 0x00000000ac200000, 0x00000000d5580000)
  object space 722944K, 84% used [0x0000000080000000,0x00000000a573b9c0,0x00000000ac200000)
 Metaspace       used 87659K, committed 89408K, reserved 1179648K
  class space    used 8872K, committed 9728K, reserved 1048576K
}
Event: 19473.060 GC heap before
{Heap before GC invocations=1164 (full 5):
 PSYoungGen      total 23552K, used 23536K [0x00000000d5580000, 0x00000000d7400000, 0x0000000100000000)
  eden space 22016K, 100% used [0x00000000d5580000,0x00000000d6b00000,0x00000000d6b00000)
  from space 1536K, 98% used [0x00000000d7000000,0x00000000d717c050,0x00000000d7180000)
  to   space 4608K, 0% used [0x00000000d6b00000,0x00000000d6b00000,0x00000000d6f80000)
 ParOldGen       total 722944K, used 613614K [0x0000000080000000, 0x00000000ac200000, 0x00000000d5580000)
  object space 722944K, 84% used [0x0000000080000000,0x00000000a573b9c0,0x00000000ac200000)
 Metaspace       used 87659K, committed 89408K, reserved 1179648K
  class space    used 8872K, committed 9728K, reserved 1048576K
}
Event: 19473.100 GC heap after
{Heap after GC invocations=1164 (full 5):
 PSYoungGen      total 26624K, used 4590K [0x00000000d5580000, 0x00000000d8a00000, 0x0000000100000000)
  eden space 22016K, 0% used [0x00000000d5580000,0x00000000d5580000,0x00000000d6b00000)
  from space 4608K, 99% used [0x00000000d6b00000,0x00000000d6f7bb30,0x00000000d6f80000)
  to   space 15872K, 0% used [0x00000000d7a80000,0x00000000d7a80000,0x00000000d8a00000)
 ParOldGen       total 722944K, used 622809K [0x0000000080000000, 0x00000000ac200000, 0x00000000d5580000)
  object space 722944K, 86% used [0x0000000080000000,0x00000000a6036470,0x00000000ac200000)
 Metaspace       used 87659K, committed 89408K, reserved 1179648K
  class space    used 8872K, committed 9728K, reserved 1048576K
}
Event: 19473.166 GC heap before
{Heap before GC invocations=1165 (full 5):
 PSYoungGen      total 26624K, used 26606K [0x00000000d5580000, 0x00000000d8a00000, 0x0000000100000000)
  eden space 22016K, 100% used [0x00000000d5580000,0x00000000d6b00000,0x00000000d6b00000)
  from space 4608K, 99% used [0x00000000d6b00000,0x00000000d6f7bb30,0x00000000d6f80000)
  to   space 15872K, 0% used [0x00000000d7a80000,0x00000000d7a80000,0x00000000d8a00000)
 ParOldGen       total 722944K, used 622809K [0x0000000080000000, 0x00000000ac200000, 0x00000000d5580000)
  object space 722944K, 86% used [0x0000000080000000,0x00000000a6036470,0x00000000ac200000)
 Metaspace       used 87663K, committed 89408K, reserved 1179648K
  class space    used 8872K, committed 9728K, reserved 1048576K
}
Event: 19473.188 GC heap after
{Heap after GC invocations=1165 (full 5):
 PSYoungGen      total 30208K, used 8146K [0x00000000d5580000, 0x00000000d8280000, 0x0000000100000000)
  eden space 22016K, 0% used [0x00000000d5580000,0x00000000d5580000,0x00000000d6b00000)
  from space 8192K, 99% used [0x00000000d7a80000,0x00000000d8274bf0,0x00000000d8280000)
  to   space 10240K, 0% used [0x00000000d6e80000,0x00000000d6e80000,0x00000000d7880000)
 ParOldGen       total 722944K, used 627405K [0x0000000080000000, 0x00000000ac200000, 0x00000000d5580000)
  object space 722944K, 86% used [0x0000000080000000,0x00000000a64b3760,0x00000000ac200000)
 Metaspace       used 87663K, committed 89408K, reserved 1179648K
  class space    used 8872K, committed 9728K, reserved 1048576K
}
Event: 19473.520 GC heap before
{Heap before GC invocations=1166 (full 5):
 PSYoungGen      total 30208K, used 30162K [0x00000000d5580000, 0x00000000d8280000, 0x0000000100000000)
  eden space 22016K, 100% used [0x00000000d5580000,0x00000000d6b00000,0x00000000d6b00000)
  from space 8192K, 99% used [0x00000000d7a80000,0x00000000d8274bf0,0x00000000d8280000)
  to   space 10240K, 0% used [0x00000000d6e80000,0x00000000d6e80000,0x00000000d7880000)
 ParOldGen       total 722944K, used 627405K [0x0000000080000000, 0x00000000ac200000, 0x00000000d5580000)
  object space 722944K, 86% used [0x0000000080000000,0x00000000a64b3760,0x00000000ac200000)
 Metaspace       used 87670K, committed 89408K, reserved 1179648K
  class space    used 8872K, committed 9728K, reserved 1048576K
}
Event: 19473.559 GC heap after
{Heap after GC invocations=1166 (full 5):
 PSYoungGen      total 28672K, used 6239K [0x00000000d5580000, 0x00000000d7b00000, 0x0000000100000000)
  eden space 22016K, 0% used [0x00000000d5580000,0x00000000d5580000,0x00000000d6b00000)
  from space 6656K, 93% used [0x00000000d6e80000,0x00000000d7497f40,0x00000000d7500000)
  to   space 6144K, 0% used [0x00000000d7500000,0x00000000d7500000,0x00000000d7b00000)
 ParOldGen       total 722944K, used 635429K [0x0000000080000000, 0x00000000ac200000, 0x00000000d5580000)
  object space 722944K, 87% used [0x0000000080000000,0x00000000a6c89420,0x00000000ac200000)
 Metaspace       used 87670K, committed 89408K, reserved 1179648K
  class space    used 8872K, committed 9728K, reserved 1048576K
}
Event: 19473.638 GC heap before
{Heap before GC invocations=1167 (full 5):
 PSYoungGen      total 28672K, used 28255K [0x00000000d5580000, 0x00000000d7b00000, 0x0000000100000000)
  eden space 22016K, 100% used [0x00000000d5580000,0x00000000d6b00000,0x00000000d6b00000)
  from space 6656K, 93% used [0x00000000d6e80000,0x00000000d7497f40,0x00000000d7500000)
  to   space 6144K, 0% used [0x00000000d7500000,0x00000000d7500000,0x00000000d7b00000)
 ParOldGen       total 722944K, used 635429K [0x0000000080000000, 0x00000000ac200000, 0x00000000d5580000)
  object space 722944K, 87% used [0x0000000080000000,0x00000000a6c89420,0x00000000ac200000)
 Metaspace       used 87677K, committed 89408K, reserved 1179648K
  class space    used 8872K, committed 9728K, reserved 1048576K
}
Event: 19473.662 GC heap after
{Heap after GC invocations=1167 (full 5):
 PSYoungGen      total 25088K, used 2966K [0x00000000d5580000, 0x00000000d7800000, 0x0000000100000000)
  eden space 22016K, 0% used [0x00000000d5580000,0x00000000d5580000,0x00000000d6b00000)
  from space 3072K, 96% used [0x00000000d7500000,0x00000000d77e5aa8,0x00000000d7800000)
  to   space 4608K, 0% used [0x00000000d6f00000,0x00000000d6f00000,0x00000000d7380000)
 ParOldGen       total 722944K, used 641488K [0x0000000080000000, 0x00000000ac200000, 0x00000000d5580000)
  object space 722944K, 88% used [0x0000000080000000,0x00000000a7274180,0x00000000ac200000)
 Metaspace       used 87677K, committed 89408K, reserved 1179648K
  class space    used 8872K, committed 9728K, reserved 1048576K
}
Event: 19474.776 GC heap before
{Heap before GC invocations=1168 (full 5):
 PSYoungGen      total 25088K, used 24982K [0x00000000d5580000, 0x00000000d7800000, 0x0000000100000000)
  eden space 22016K, 100% used [0x00000000d5580000,0x00000000d6b00000,0x00000000d6b00000)
  from space 3072K, 96% used [0x00000000d7500000,0x00000000d77e5aa8,0x00000000d7800000)
  to   space 4608K, 0% used [0x00000000d6f00000,0x00000000d6f00000,0x00000000d7380000)
 ParOldGen       total 722944K, used 664528K [0x0000000080000000, 0x00000000ac200000, 0x00000000d5580000)
  object space 722944K, 91% used [0x0000000080000000,0x00000000a88f41a0,0x00000000ac200000)
 Metaspace       used 87709K, committed 89408K, reserved 1179648K
  class space    used 8872K, committed 9728K, reserved 1048576K
}
Event: 19474.793 GC heap after
{Heap after GC invocations=1168 (full 5):
 PSYoungGen      total 23552K, used 1184K [0x00000000d5580000, 0x00000000d7580000, 0x0000000100000000)
  eden space 22016K, 0% used [0x00000000d5580000,0x00000000d5580000,0x00000000d6b00000)
  from space 1536K, 77% used [0x00000000d6f00000,0x00000000d7028000,0x00000000d7080000)
  to   space 2560K, 0% used [0x00000000d7300000,0x00000000d7300000,0x00000000d7580000)
 ParOldGen       total 722944K, used 667120K [0x0000000080000000, 0x00000000ac200000, 0x00000000d5580000)
  object space 722944K, 92% used [0x0000000080000000,0x00000000a8b7c168,0x00000000ac200000)
 Metaspace       used 87709K, committed 89408K, reserved 1179648K
  class space    used 8872K, committed 9728K, reserved 1048576K
}
Event: 19474.917 GC heap before
{Heap before GC invocations=1169 (full 5):
 PSYoungGen      total 23552K, used 23200K [0x00000000d5580000, 0x00000000d7580000, 0x0000000100000000)
  eden space 22016K, 100% used [0x00000000d5580000,0x00000000d6b00000,0x00000000d6b00000)
  from space 1536K, 77% used [0x00000000d6f00000,0x00000000d7028000,0x00000000d7080000)
  to   space 2560K, 0% used [0x00000000d7300000,0x00000000d7300000,0x00000000d7580000)
 ParOldGen       total 722944K, used 667120K [0x0000000080000000, 0x00000000ac200000, 0x00000000d5580000)
  object space 722944K, 92% used [0x0000000080000000,0x00000000a8b7c168,0x00000000ac200000)
 Metaspace       used 87713K, committed 89408K, reserved 1179648K
  class space    used 8872K, committed 9728K, reserved 1048576K
}
Event: 19474.928 GC heap after
{Heap after GC invocations=1169 (full 5):
 PSYoungGen      total 23552K, used 1076K [0x00000000d5580000, 0x00000000d7480000, 0x0000000100000000)
  eden space 22016K, 0% used [0x00000000d5580000,0x00000000d5580000,0x00000000d6b00000)
  from space 1536K, 70% used [0x00000000d7300000,0x00000000d740d220,0x00000000d7480000)
  to   space 1536K, 0% used [0x00000000d6f00000,0x00000000d6f00000,0x00000000d7080000)
 ParOldGen       total 722944K, used 668218K [0x0000000080000000, 0x00000000ac200000, 0x00000000d5580000)
  object space 722944K, 92% used [0x0000000080000000,0x00000000a8c8e968,0x00000000ac200000)
 Metaspace       used 87713K, committed 89408K, reserved 1179648K
  class space    used 8872K, committed 9728K, reserved 1048576K
}
Event: 81039.860 GC heap before
{Heap before GC invocations=1170 (full 5):
 PSYoungGen      total 23552K, used 23092K [0x00000000d5580000, 0x00000000d7480000, 0x0000000100000000)
  eden space 22016K, 100% used [0x00000000d5580000,0x00000000d6b00000,0x00000000d6b00000)
  from space 1536K, 70% used [0x00000000d7300000,0x00000000d740d220,0x00000000d7480000)
  to   space 1536K, 0% used [0x00000000d6f00000,0x00000000d6f00000,0x00000000d7080000)
 ParOldGen       total 722944K, used 668218K [0x0000000080000000, 0x00000000ac200000, 0x00000000d5580000)
  object space 722944K, 92% used [0x0000000080000000,0x00000000a8c8e968,0x00000000ac200000)
 Metaspace       used 87731K, committed 89408K, reserved 1179648K
  class space    used 8872K, committed 9728K, reserved 1048576K
}
Event: 81040.141 GC heap after
{Heap after GC invocations=1170 (full 5):
 PSYoungGen      total 23552K, used 960K [0x00000000d5580000, 0x00000000d7380000, 0x0000000100000000)
  eden space 22016K, 0% used [0x00000000d5580000,0x00000000d5580000,0x00000000d6b00000)
  from space 1536K, 62% used [0x00000000d6f00000,0x00000000d6ff0000,0x00000000d7080000)
  to   space 1536K, 0% used [0x00000000d7200000,0x00000000d7200000,0x00000000d7380000)
 ParOldGen       total 722944K, used 669086K [0x0000000080000000, 0x00000000ac200000, 0x00000000d5580000)
  object space 722944K, 92% used [0x0000000080000000,0x00000000a8d67bd8,0x00000000ac200000)
 Metaspace       used 87731K, committed 89408K, reserved 1179648K
  class space    used 8872K, committed 9728K, reserved 1048576K
}

