# JRE version: OpenJDK Runtime Environment Temurin-21.0.9+10 (21.0.9+10) (build 21.0.9+10-LTS)
# Java VM: OpenJDK 64-Bit Server VM Temurin-21.0.9+10 (21.0.9+10-LTS, mixed mode, sharing, tiered, compressed oops, compressed class ptrs, parallel gc, windows-amd64)
GC Precious Log:
 CardTable entry size: 512
 CPUs: 12 total, 12 available
 Memory: 7896M
 Large Page Support: Disabled
 NUMA Support: Disabled
 Compressed Oops: Enabled (32-bit)
 Alignments: Space 512K, Generation 512K, Heap 2M
 Heap Min Capacity: 100M
 Heap Initial Capacity: 100M
 Heap Max Capacity: 2G
 Pre-touch: Disabled
 Parallel Workers: 10
Heap:
 PSYoungGen      total 6656K, used 2470K [0x00000000d5580000, 0x00000000d5d80000, 0x0000000100000000)
  eden space 6144K, 35% used [0x00000000d5580000,0x00000000d57a1a00,0x00000000d5b80000)
  from space 512K, 56% used [0x00000000d5d00000,0x00000000d5d48000,0x00000000d5d80000)
  to   space 512K, 0% used [0x00000000d5c80000,0x00000000d5c80000,0x00000000d5d00000)
 ParOldGen       total 898048K, used 424500K [0x0000000080000000, 0x00000000b6d00000, 0x00000000d5580000)
  object space 898048K, 47% used [0x0000000080000000,0x0000000099e8d028,0x00000000b6d00000)
 Metaspace       used 83197K, committed 84800K, reserved 1179648K
  class space    used 8196K, committed 8896K, reserved 1048576K
GC Heap History (20 events):
Event: 7980.528 GC heap before
{Heap before GC invocations=1148 (full 5):
 PSYoungGen      total 7168K, used 6848K [0x00000000d5580000, 0x00000000d5f80000, 0x0000000100000000)
  eden space 6144K, 100% used [0x00000000d5580000,0x00000000d5b80000,0x00000000d5b80000)
  from space 1024K, 68% used [0x00000000d5e80000,0x00000000d5f30000,0x00000000d5f80000)
  to   space 1024K, 0% used [0x00000000d5d80000,0x00000000d5d80000,0x00000000d5e80000)
 ParOldGen       total 898048K, used 420093K [0x0000000080000000, 0x00000000b6d00000, 0x00000000d5580000)
  object space 898048K, 46% used [0x0000000080000000,0x0000000099a3f408,0x00000000b6d00000)
 Metaspace       used 83144K, committed 84736K, reserved 1179648K
  class space    used 8196K, committed 8896K, reserved 1048576K
}
Event: 7980.534 GC heap after
{Heap after GC invocations=1148 (full 5):
 PSYoungGen      total 7168K, used 1012K [0x00000000d5580000, 0x00000000d5f80000, 0x0000000100000000)
  eden space 6144K, 0% used [0x00000000d5580000,0x00000000d5580000,0x00000000d5b80000)
  from space 1024K, 98% used [0x00000000d5d80000,0x00000000d5e7d200,0x00000000d5e80000)
  to   space 1024K, 0% used [0x00000000d5e80000,0x00000000d5e80000,0x00000000d5f80000)
 ParOldGen       total 898048K, used 420661K [0x0000000080000000, 0x00000000b6d00000, 0x00000000d5580000)
  object space 898048K, 46% used [0x0000000080000000,0x0000000099acd448,0x00000000b6d00000)
 Metaspace       used 83144K, committed 84736K, reserved 1179648K
  class space    used 8196K, committed 8896K, reserved 1048576K
}
Event: 7981.206 GC heap before
{Heap before GC invocations=1149 (full 5):
 PSYoungGen      total 7168K, used 7156K [0x00000000d5580000, 0x00000000d5f80000, 0x0000000100000000)
  eden space 6144K, 100% used [0x00000000d5580000,0x00000000d5b80000,0x00000000d5b80000)
  from space 1024K, 98% used [0x00000000d5d80000,0x00000000d5e7d200,0x00000000d5e80000)
  to   space 1024K, 0% used [0x00000000d5e80000,0x00000000d5e80000,0x00000000d5f80000)
 ParOldGen       total 898048K, used 420661K [0x0000000080000000, 0x00000000b6d00000, 0x00000000d5580000)
  object space 898048K, 46% used [0x0000000080000000,0x0000000099acd448,0x00000000b6d00000)
 Metaspace       used 83161K, committed 84800K, reserved 1179648K
  class space    used 8196K, committed 8896K, reserved 1048576K
}
Event: 7981.210 GC heap after
{Heap after GC invocations=1149 (full 5):
 PSYoungGen      total 7168K, used 880K [0x00000000d5580000, 0x00000000d5f80000, 0x0000000100000000)
  eden space 6144K, 0% used [0x00000000d5580000,0x00000000d5580000,0x00000000d5b80000)
  from space 1024K, 85% used [0x00000000d5e80000,0x00000000d5f5c010,0x00000000d5f80000)
  to   space 1536K, 0% used [0x00000000d5c80000,0x00000000d5c80000,0x00000000d5e00000)
 ParOldGen       total 898048K, used 421564K [0x0000000080000000, 0x00000000b6d00000, 0x00000000d5580000)
  object space 898048K, 46% used [0x0000000080000000,0x0000000099baf378,0x00000000b6d00000)
 Metaspace       used 83161K, committed 84800K, reserved 1179648K
  class space    used 8196K, committed 8896K, reserved 1048576K
}
Event: 7985.394 GC heap before
{Heap before GC invocations=1150 (full 5):
 PSYoungGen      total 7168K, used 7024K [0x00000000d5580000, 0x00000000d5f80000, 0x0000000100000000)
  eden space 6144K, 100% used [0x00000000d5580000,0x00000000d5b80000,0x00000000d5b80000)
  from space 1024K, 85% used [0x00000000d5e80000,0x00000000d5f5c010,0x00000000d5f80000)
  to   space 1536K, 0% used [0x00000000d5c80000,0x00000000d5c80000,0x00000000d5e00000)
 ParOldGen       total 898048K, used 421564K [0x0000000080000000, 0x00000000b6d00000, 0x00000000d5580000)
  object space 898048K, 46% used [0x0000000080000000,0x0000000099baf378,0x00000000b6d00000)
 Metaspace       used 83161K, committed 84800K, reserved 1179648K
  class space    used 8196K, committed 8896K, reserved 1048576K
}
Event: 7985.404 GC heap after
{Heap after GC invocations=1150 (full 5):
 PSYoungGen      total 7680K, used 288K [0x00000000d5580000, 0x00000000d5f00000, 0x0000000100000000)
  eden space 6144K, 0% used [0x00000000d5580000,0x00000000d5580000,0x00000000d5b80000)
  from space 1536K, 18% used [0x00000000d5c80000,0x00000000d5cc8000,0x00000000d5e00000)
  to   space 1024K, 0% used [0x00000000d5e00000,0x00000000d5e00000,0x00000000d5f00000)
 ParOldGen       total 898048K, used 422246K [0x0000000080000000, 0x00000000b6d00000, 0x00000000d5580000)
  object space 898048K, 47% used [0x0000000080000000,0x0000000099c599f8,0x00000000b6d00000)
 Metaspace       used 83161K, committed 84800K, reserved 1179648K
  class space    used 8196K, committed 8896K, reserved 1048576K
}
Event: 7985.464 GC heap before
{Heap before GC invocations=1151 (full 5):
 PSYoungGen      total 7680K, used 6432K [0x00000000d5580000, 0x00000000d5f00000, 0x0000000100000000)
  eden space 6144K, 100% used [0x00000000d5580000,0x00000000d5b80000,0x00000000d5b80000)
  from space 1536K, 18% used [0x00000000d5c80000,0x00000000d5cc8000,0x00000000d5e00000)
  to   space 1024K, 0% used [0x00000000d5e00000,0x00000000d5e00000,0x00000000d5f00000)
 ParOldGen       total 898048K, used 422246K [0x0000000080000000, 0x00000000b6d00000, 0x00000000d5580000)
  object space 898048K, 47% used [0x0000000080000000,0x0000000099c599f8,0x00000000b6d00000)
 Metaspace       used 83162K, committed 84800K, reserved 1179648K
  class space    used 8196K, committed 8896K, reserved 1048576K
}
Event: 7985.466 GC heap after
{Heap after GC invocations=1151 (full 5):
 PSYoungGen      total 7168K, used 948K [0x00000000d5580000, 0x00000000d5f00000, 0x0000000100000000)
  eden space 6144K, 0% used [0x00000000d5580000,0x00000000d5580000,0x00000000d5b80000)
  from space 1024K, 92% used [0x00000000d5e00000,0x00000000d5eed200,0x00000000d5f00000)
  to   space 1536K, 0% used [0x00000000d5c00000,0x00000000d5c00000,0x00000000d5d80000)
 ParOldGen       total 898048K, used 422302K [0x0000000080000000, 0x00000000b6d00000, 0x00000000d5580000)
  object space 898048K, 47% used [0x0000000080000000,0x0000000099c679f8,0x00000000b6d00000)
 Metaspace       used 83162K, committed 84800K, reserved 1179648K
  class space    used 8196K, committed 8896K, reserved 1048576K
}
Event: 7985.486 GC heap before
{Heap before GC invocations=1152 (full 5):
 PSYoungGen      total 7168K, used 7092K [0x00000000d5580000, 0x00000000d5f00000, 0x0000000100000000)
  eden space 6144K, 100% used [0x00000000d5580000,0x00000000d5b80000,0x00000000d5b80000)
  from space 1024K, 92% used [0x00000000d5e00000,0x00000000d5eed200,0x00000000d5f00000)
  to   space 1536K, 0% used [0x00000000d5c00000,0x00000000d5c00000,0x00000000d5d80000)
 ParOldGen       total 898048K, used 422302K [0x0000000080000000, 0x00000000b6d00000, 0x00000000d5580000)
  object space 898048K, 47% used [0x0000000080000000,0x0000000099c679f8,0x00000000b6d00000)
 Metaspace       used 83163K, committed 84800K, reserved 1179648K
  class space    used 8196K, committed 8896K, reserved 1048576K
}
Event: 7985.487 GC heap after
{Heap after GC invocations=1152 (full 5):
 PSYoungGen      total 7680K, used 320K [0x00000000d5580000, 0x00000000d5e80000, 0x0000000100000000)
  eden space 6144K, 0% used [0x00000000d5580000,0x00000000d5580000,0x00000000d5b80000)
  from space 1536K, 20% used [0x00000000d5c00000,0x00000000d5c50000,0x00000000d5d80000)
  to   space 1024K, 0% used [0x00000000d5d80000,0x00000000d5d80000,0x00000000d5e80000)
 ParOldGen       total 898048K, used 423107K [0x0000000080000000, 0x00000000b6d00000, 0x00000000d5580000)
  object space 898048K, 47% used [0x0000000080000000,0x0000000099d30c08,0x00000000b6d00000)
 Metaspace       used 83163K, committed 84800K, reserved 1179648K
  class space    used 8196K, committed 8896K, reserved 1048576K
}
Event: 7985.504 GC heap before
{Heap before GC invocations=1153 (full 5):
 PSYoungGen      total 7680K, used 6464K [0x00000000d5580000, 0x00000000d5e80000, 0x0000000100000000)
  eden space 6144K, 100% used [0x00000000d5580000,0x00000000d5b80000,0x00000000d5b80000)
  from space 1536K, 20% used [0x00000000d5c00000,0x00000000d5c50000,0x00000000d5d80000)
  to   space 1024K, 0% used [0x00000000d5d80000,0x00000000d5d80000,0x00000000d5e80000)
 ParOldGen       total 898048K, used 423107K [0x0000000080000000, 0x00000000b6d00000, 0x00000000d5580000)
  object space 898048K, 47% used [0x0000000080000000,0x0000000099d30c08,0x00000000b6d00000)
 Metaspace       used 83167K, committed 84800K, reserved 1179648K
  class space    used 8196K, committed 8896K, reserved 1048576K
}
Event: 7985.506 GC heap after
{Heap after GC invocations=1153 (full 5):
 PSYoungGen      total 6656K, used 224K [0x00000000d5580000, 0x00000000d5e00000, 0x0000000100000000)
  eden space 6144K, 0% used [0x00000000d5580000,0x00000000d5580000,0x00000000d5b80000)
  from space 512K, 43% used [0x00000000d5d80000,0x00000000d5db8000,0x00000000d5e00000)
  to   space 512K, 0% used [0x00000000d5d00000,0x00000000d5d00000,0x00000000d5d80000)
 ParOldGen       total 898048K, used 423123K [0x0000000080000000, 0x00000000b6d00000, 0x00000000d5580000)
  object space 898048K, 47% used [0x0000000080000000,0x0000000099d34c08,0x00000000b6d00000)
 Metaspace       used 83167K, committed 84800K, reserved 1179648K
  class space    used 8196K, committed 8896K, reserved 1048576K
}
Event: 7989.387 GC heap before
{Heap before GC invocations=1154 (full 5):
 PSYoungGen      total 6656K, used 6368K [0x00000000d5580000, 0x00000000d5e00000, 0x0000000100000000)
  eden space 6144K, 100% used [0x00000000d5580000,0x00000000d5b80000,0x00000000d5b80000)
  from space 512K, 43% used [0x00000000d5d80000,0x00000000d5db8000,0x00000000d5e00000)
  to   space 512K, 0% used [0x00000000d5d00000,0x00000000d5d00000,0x00000000d5d80000)
 ParOldGen       total 898048K, used 423123K [0x0000000080000000, 0x00000000b6d00000, 0x00000000d5580000)
  object space 898048K, 47% used [0x0000000080000000,0x0000000099d34c08,0x00000000b6d00000)
 Metaspace       used 83167K, committed 84800K, reserved 1179648K
  class space    used 8196K, committed 8896K, reserved 1048576K
}
Event: 7989.391 GC heap after
{Heap after GC invocations=1154 (full 5):
 PSYoungGen      total 6656K, used 500K [0x00000000d5580000, 0x00000000d5e00000, 0x0000000100000000)
  eden space 6144K, 0% used [0x00000000d5580000,0x00000000d5580000,0x00000000d5b80000)
  from space 512K, 97% used [0x00000000d5d00000,0x00000000d5d7d200,0x00000000d5d80000)
  to   space 512K, 0% used [0x00000000d5d80000,0x00000000d5d80000,0x00000000d5e00000)
 ParOldGen       total 898048K, used 423179K [0x0000000080000000, 0x00000000b6d00000, 0x00000000d5580000)
  object space 898048K, 47% used [0x0000000080000000,0x0000000099d42c08,0x00000000b6d00000)
 Metaspace       used 83167K, committed 84800K, reserved 1179648K
  class space    used 8196K, committed 8896K, reserved 1048576K
}
Event: 7989.401 GC heap before
{Heap before GC invocations=1155 (full 5):
 PSYoungGen      total 6656K, used 6644K [0x00000000d5580000, 0x00000000d5e00000, 0x0000000100000000)
  eden space 6144K, 100% used [0x00000000d5580000,0x00000000d5b80000,0x00000000d5b80000)
  from space 512K, 97% used [0x00000000d5d00000,0x00000000d5d7d200,0x00000000d5d80000)
  to   space 512K, 0% used [0x00000000d5d80000,0x00000000d5d80000,0x00000000d5e00000)
 ParOldGen       total 898048K, used 423179K [0x0000000080000000, 0x00000000b6d00000, 0x00000000d5580000)
  object space 898048K, 47% used [0x0000000080000000,0x0000000099d42c08,0x00000000b6d00000)
 Metaspace       used 83168K, committed 84800K, reserved 1179648K
  class space    used 8196K, committed 8896K, reserved 1048576K
}
Event: 7989.404 GC heap after
{Heap after GC invocations=1155 (full 5):
 PSYoungGen      total 6656K, used 512K [0x00000000d5580000, 0x00000000d5e80000, 0x0000000100000000)
  eden space 6144K, 0% used [0x00000000d5580000,0x00000000d5580000,0x00000000d5b80000)
  from space 512K, 100% used [0x00000000d5d80000,0x00000000d5e00000,0x00000000d5e00000)
  to   space 1536K, 0% used [0x00000000d5b80000,0x00000000d5b80000,0x00000000d5d00000)
 ParOldGen       total 898048K, used 423884K [0x0000000080000000, 0x00000000b6d00000, 0x00000000d5580000)
  object space 898048K, 47% used [0x0000000080000000,0x0000000099df3028,0x00000000b6d00000)
 Metaspace       used 83168K, committed 84800K, reserved 1179648K
  class space    used 8196K, committed 8896K, reserved 1048576K
}
Event: 7990.256 GC heap before
{Heap before GC invocations=1156 (full 5):
 PSYoungGen      total 6656K, used 6656K [0x00000000d5580000, 0x00000000d5e80000, 0x0000000100000000)
  eden space 6144K, 100% used [0x00000000d5580000,0x00000000d5b80000,0x00000000d5b80000)
  from space 512K, 100% used [0x00000000d5d80000,0x00000000d5e00000,0x00000000d5e00000)
  to   space 1536K, 0% used [0x00000000d5b80000,0x00000000d5b80000,0x00000000d5d00000)
 ParOldGen       total 898048K, used 423884K [0x0000000080000000, 0x00000000b6d00000, 0x00000000d5580000)
  object space 898048K, 47% used [0x0000000080000000,0x0000000099df3028,0x00000000b6d00000)
 Metaspace       used 83169K, committed 84800K, reserved 1179648K
  class space    used 8196K, committed 8896K, reserved 1048576K
}
Event: 7990.261 GC heap after
{Heap after GC invocations=1156 (full 5):
 PSYoungGen      total 7680K, used 340K [0x00000000d5580000, 0x00000000d5e00000, 0x0000000100000000)
  eden space 6144K, 0% used [0x00000000d5580000,0x00000000d5580000,0x00000000d5b80000)
  from space 1536K, 22% used [0x00000000d5b80000,0x00000000d5bd5200,0x00000000d5d00000)
  to   space 1024K, 0% used [0x00000000d5d00000,0x00000000d5d00000,0x00000000d5e00000)
 ParOldGen       total 898048K, used 424404K [0x0000000080000000, 0x00000000b6d00000, 0x00000000d5580000)
  object space 898048K, 47% used [0x0000000080000000,0x0000000099e75028,0x00000000b6d00000)
 Metaspace       used 83169K, committed 84800K, reserved 1179648K
  class space    used 8196K, committed 8896K, reserved 1048576K
}
Event: 8279.439 GC heap before
{Heap before GC invocations=1157 (full 5):
 PSYoungGen      total 7680K, used 6484K [0x00000000d5580000, 0x00000000d5e00000, 0x0000000100000000)
  eden space 6144K, 100% used [0x00000000d5580000,0x00000000d5b80000,0x00000000d5b80000)
  from space 1536K, 22% used [0x00000000d5b80000,0x00000000d5bd5200,0x00000000d5d00000)
  to   space 1024K, 0% used [0x00000000d5d00000,0x00000000d5d00000,0x00000000d5e00000)
 ParOldGen       total 898048K, used 424404K [0x0000000080000000, 0x00000000b6d00000, 0x00000000d5580000)
  object space 898048K, 47% used [0x0000000080000000,0x0000000099e75028,0x00000000b6d00000)
 Metaspace       used 83195K, committed 84800K, reserved 1179648K
  class space    used 8196K, committed 8896K, reserved 1048576K
}
Event: 8279.544 GC heap after
{Heap after GC invocations=1157 (full 5):
 PSYoungGen      total 6656K, used 288K [0x00000000d5580000, 0x00000000d5d80000, 0x0000000100000000)
  eden space 6144K, 0% used [0x00000000d5580000,0x00000000d5580000,0x00000000d5b80000)
  from space 512K, 56% used [0x00000000d5d00000,0x00000000d5d48000,0x00000000d5d80000)
  to   space 512K, 0% used [0x00000000d5c80000,0x00000000d5c80000,0x00000000d5d00000)
 ParOldGen       total 898048K, used 424500K [0x0000000080000000, 0x00000000b6d00000, 0x00000000d5580000)
  object space 898048K, 47% used [0x0000000080000000,0x0000000099e8d028,0x00000000b6d00000)
 Metaspace       used 83195K, committed 84800K, reserved 1179648K
  class space    used 8196K, committed 8896K, reserved 1048576K
}

