# JRE version: OpenJDK Runtime Environment Temurin-21.0.9+10 (21.0.9+10) (build 21.0.9+10-LTS)
# Java VM: OpenJDK 64-Bit Server VM Temurin-21.0.9+10 (21.0.9+10-LTS, mixed mode, sharing, tiered, compressed oops, compressed class ptrs, parallel gc, windows-amd64)
GC Precious Log:
 CardTable entry size: 512
 CPUs: 12 total, 12 available
 Memory: 7896M
 Large Page Support: Disabled
 NUMA Support: Disabled
 Compressed Oops: Enabled (32-bit)
 Alignments: Space 512K, Generation 512K, Heap 2M
 Heap Min Capacity: 100M
 Heap Initial Capacity: 100M
 Heap Max Capacity: 2G
 Pre-touch: Disabled
 Parallel Workers: 10
Heap:
 PSYoungGen      total 5632K, used 5150K [0x00000000d5580000, 0x00000000d5c80000, 0x0000000100000000)
  eden space 5120K, 90% used [0x00000000d5580000,0x00000000d5a0b8e8,0x00000000d5a80000)
  from space 512K, 96% used [0x00000000d5b80000,0x00000000d5bfbfc8,0x00000000d5c00000)
  to   space 1024K, 0% used [0x00000000d5a80000,0x00000000d5a80000,0x00000000d5b80000)
 ParOldGen       total 162304K, used 162298K [0x0000000080000000, 0x0000000089e80000, 0x00000000d5580000)
  object space 162304K, 99% used [0x0000000080000000,0x0000000089e7eb48,0x0000000089e80000)
 Metaspace       used 71022K, committed 72704K, reserved 1114112K
  class space    used 7273K, committed 8000K, reserved 1048576K
GC Heap History (20 events):
Event: 48.014 GC heap before
{Heap before GC invocations=266 (full 3):
 PSYoungGen      total 6144K, used 6122K [0x00000000d5580000, 0x00000000d5d00000, 0x0000000100000000)
  eden space 5632K, 100% used [0x00000000d5580000,0x00000000d5b00000,0x00000000d5b00000)
  from space 512K, 95% used [0x00000000d5c00000,0x00000000d5c7a910,0x00000000d5c80000)
  to   space 1024K, 0% used [0x00000000d5b00000,0x00000000d5b00000,0x00000000d5c00000)
 ParOldGen       total 159744K, used 159362K [0x0000000080000000, 0x0000000089c00000, 0x00000000d5580000)
  object space 159744K, 99% used [0x0000000080000000,0x0000000089ba0990,0x0000000089c00000)
 Metaspace       used 69622K, committed 71232K, reserved 1114112K
  class space    used 7168K, committed 7808K, reserved 1048576K
}
Event: 48.016 GC heap after
{Heap after GC invocations=266 (full 3):
 PSYoungGen      total 6656K, used 186K [0x00000000d5580000, 0x00000000d5c80000, 0x0000000100000000)
  eden space 5632K, 0% used [0x00000000d5580000,0x00000000d5580000,0x00000000d5b00000)
  from space 1024K, 18% used [0x00000000d5b00000,0x00000000d5b2e900,0x00000000d5c00000)
  to   space 512K, 0% used [0x00000000d5c00000,0x00000000d5c00000,0x00000000d5c80000)
 ParOldGen       total 159744K, used 159386K [0x0000000080000000, 0x0000000089c00000, 0x00000000d5580000)
  object space 159744K, 99% used [0x0000000080000000,0x0000000089ba6990,0x0000000089c00000)
 Metaspace       used 69622K, committed 71232K, reserved 1114112K
  class space    used 7168K, committed 7808K, reserved 1048576K
}
Event: 48.035 GC heap before
{Heap before GC invocations=267 (full 3):
 PSYoungGen      total 6656K, used 5818K [0x00000000d5580000, 0x00000000d5c80000, 0x0000000100000000)
  eden space 5632K, 100% used [0x00000000d5580000,0x00000000d5b00000,0x00000000d5b00000)
  from space 1024K, 18% used [0x00000000d5b00000,0x00000000d5b2e900,0x00000000d5c00000)
  to   space 512K, 0% used [0x00000000d5c00000,0x00000000d5c00000,0x00000000d5c80000)
 ParOldGen       total 159744K, used 159386K [0x0000000080000000, 0x0000000089c00000, 0x00000000d5580000)
  object space 159744K, 99% used [0x0000000080000000,0x0000000089ba6990,0x0000000089c00000)
 Metaspace       used 69622K, committed 71232K, reserved 1114112K
  class space    used 7168K, committed 7808K, reserved 1048576K
}
Event: 48.037 GC heap after
{Heap after GC invocations=267 (full 3):
 PSYoungGen      total 6144K, used 490K [0x00000000d5580000, 0x00000000d5d00000, 0x0000000100000000)
  eden space 5632K, 0% used [0x00000000d5580000,0x00000000d5580000,0x00000000d5b00000)
  from space 512K, 95% used [0x00000000d5c00000,0x00000000d5c7a910,0x00000000d5c80000)
  to   space 1024K, 0% used [0x00000000d5b00000,0x00000000d5b00000,0x00000000d5c00000)
 ParOldGen       total 159744K, used 159418K [0x0000000080000000, 0x0000000089c00000, 0x00000000d5580000)
  object space 159744K, 99% used [0x0000000080000000,0x0000000089bae990,0x0000000089c00000)
 Metaspace       used 69622K, committed 71232K, reserved 1114112K
  class space    used 7168K, committed 7808K, reserved 1048576K
}
Event: 48.052 GC heap before
{Heap before GC invocations=268 (full 3):
 PSYoungGen      total 6144K, used 6122K [0x00000000d5580000, 0x00000000d5d00000, 0x0000000100000000)
  eden space 5632K, 100% used [0x00000000d5580000,0x00000000d5b00000,0x00000000d5b00000)
  from space 512K, 95% used [0x00000000d5c00000,0x00000000d5c7a910,0x00000000d5c80000)
  to   space 1024K, 0% used [0x00000000d5b00000,0x00000000d5b00000,0x00000000d5c00000)
 ParOldGen       total 159744K, used 159418K [0x0000000080000000, 0x0000000089c00000, 0x00000000d5580000)
  object space 159744K, 99% used [0x0000000080000000,0x0000000089bae990,0x0000000089c00000)
 Metaspace       used 69622K, committed 71232K, reserved 1114112K
  class space    used 7168K, committed 7808K, reserved 1048576K
}
Event: 48.054 GC heap after
{Heap after GC invocations=268 (full 3):
 PSYoungGen      total 6656K, used 554K [0x00000000d5580000, 0x00000000d5d00000, 0x0000000100000000)
  eden space 5632K, 0% used [0x00000000d5580000,0x00000000d5580000,0x00000000d5b00000)
  from space 1024K, 54% used [0x00000000d5b00000,0x00000000d5b8a910,0x00000000d5c00000)
  to   space 1024K, 0% used [0x00000000d5c00000,0x00000000d5c00000,0x00000000d5d00000)
 ParOldGen       total 159744K, used 159450K [0x0000000080000000, 0x0000000089c00000, 0x00000000d5580000)
  object space 159744K, 99% used [0x0000000080000000,0x0000000089bb6990,0x0000000089c00000)
 Metaspace       used 69622K, committed 71232K, reserved 1114112K
  class space    used 7168K, committed 7808K, reserved 1048576K
}
Event: 54.354 GC heap before
{Heap before GC invocations=269 (full 3):
 PSYoungGen      total 6656K, used 6186K [0x00000000d5580000, 0x00000000d5d00000, 0x0000000100000000)
  eden space 5632K, 100% used [0x00000000d5580000,0x00000000d5b00000,0x00000000d5b00000)
  from space 1024K, 54% used [0x00000000d5b00000,0x00000000d5b8a910,0x00000000d5c00000)
  to   space 1024K, 0% used [0x00000000d5c00000,0x00000000d5c00000,0x00000000d5d00000)
 ParOldGen       total 159744K, used 159450K [0x0000000080000000, 0x0000000089c00000, 0x00000000d5580000)
  object space 159744K, 99% used [0x0000000080000000,0x0000000089bb6990,0x0000000089c00000)
 Metaspace       used 69817K, committed 71488K, reserved 1114112K
  class space    used 7180K, committed 7872K, reserved 1048576K
}
Event: 54.356 GC heap after
{Heap after GC invocations=269 (full 3):
 PSYoungGen      total 6144K, used 1012K [0x00000000d5580000, 0x00000000d5e00000, 0x0000000100000000)
  eden space 5120K, 0% used [0x00000000d5580000,0x00000000d5580000,0x00000000d5a80000)
  from space 1024K, 98% used [0x00000000d5c00000,0x00000000d5cfd200,0x00000000d5d00000)
  to   space 1536K, 0% used [0x00000000d5a80000,0x00000000d5a80000,0x00000000d5c00000)
 ParOldGen       total 159744K, used 159474K [0x0000000080000000, 0x0000000089c00000, 0x00000000d5580000)
  object space 159744K, 99% used [0x0000000080000000,0x0000000089bbc990,0x0000000089c00000)
 Metaspace       used 69817K, committed 71488K, reserved 1114112K
  class space    used 7180K, committed 7872K, reserved 1048576K
}
Event: 54.413 GC heap before
{Heap before GC invocations=270 (full 3):
 PSYoungGen      total 6144K, used 6132K [0x00000000d5580000, 0x00000000d5e00000, 0x0000000100000000)
  eden space 5120K, 100% used [0x00000000d5580000,0x00000000d5a80000,0x00000000d5a80000)
  from space 1024K, 98% used [0x00000000d5c00000,0x00000000d5cfd200,0x00000000d5d00000)
  to   space 1536K, 0% used [0x00000000d5a80000,0x00000000d5a80000,0x00000000d5c00000)
 ParOldGen       total 159744K, used 159474K [0x0000000080000000, 0x0000000089c00000, 0x00000000d5580000)
  object space 159744K, 99% used [0x0000000080000000,0x0000000089bbc990,0x0000000089c00000)
 Metaspace       used 69822K, committed 71488K, reserved 1114112K
  class space    used 7180K, committed 7872K, reserved 1048576K
}
Event: 54.416 GC heap after
{Heap after GC invocations=270 (full 3):
 PSYoungGen      total 5632K, used 512K [0x00000000d5580000, 0x00000000d5c80000, 0x0000000100000000)
  eden space 5120K, 0% used [0x00000000d5580000,0x00000000d5580000,0x00000000d5a80000)
  from space 512K, 100% used [0x00000000d5a80000,0x00000000d5b00000,0x00000000d5b00000)
  to   space 1024K, 0% used [0x00000000d5b80000,0x00000000d5b80000,0x00000000d5c80000)
 ParOldGen       total 160768K, used 160307K [0x0000000080000000, 0x0000000089d00000, 0x00000000d5580000)
  object space 160768K, 99% used [0x0000000080000000,0x0000000089c8cfc8,0x0000000089d00000)
 Metaspace       used 69822K, committed 71488K, reserved 1114112K
  class space    used 7180K, committed 7872K, reserved 1048576K
}
Event: 54.471 GC heap before
{Heap before GC invocations=271 (full 3):
 PSYoungGen      total 5632K, used 5632K [0x00000000d5580000, 0x00000000d5c80000, 0x0000000100000000)
  eden space 5120K, 100% used [0x00000000d5580000,0x00000000d5a80000,0x00000000d5a80000)
  from space 512K, 100% used [0x00000000d5a80000,0x00000000d5b00000,0x00000000d5b00000)
  to   space 1024K, 0% used [0x00000000d5b80000,0x00000000d5b80000,0x00000000d5c80000)
 ParOldGen       total 160768K, used 160307K [0x0000000080000000, 0x0000000089d00000, 0x00000000d5580000)
  object space 160768K, 99% used [0x0000000080000000,0x0000000089c8cfc8,0x0000000089d00000)
 Metaspace       used 69826K, committed 71488K, reserved 1114112K
  class space    used 7180K, committed 7872K, reserved 1048576K
}
Event: 54.473 GC heap after
{Heap after GC invocations=271 (full 3):
 PSYoungGen      total 6144K, used 576K [0x00000000d5580000, 0x00000000d5c80000, 0x0000000100000000)
  eden space 5120K, 0% used [0x00000000d5580000,0x00000000d5580000,0x00000000d5a80000)
  from space 1024K, 56% used [0x00000000d5b80000,0x00000000d5c10000,0x00000000d5c80000)
  to   space 1024K, 0% used [0x00000000d5a80000,0x00000000d5a80000,0x00000000d5b80000)
 ParOldGen       total 161280K, used 160776K [0x0000000080000000, 0x0000000089d80000, 0x00000000d5580000)
  object space 161280K, 99% used [0x0000000080000000,0x0000000089d02018,0x0000000089d80000)
 Metaspace       used 69826K, committed 71488K, reserved 1114112K
  class space    used 7180K, committed 7872K, reserved 1048576K
}
Event: 54.723 GC heap before
{Heap before GC invocations=272 (full 3):
 PSYoungGen      total 6144K, used 5681K [0x00000000d5580000, 0x00000000d5c80000, 0x0000000100000000)
  eden space 5120K, 99% used [0x00000000d5580000,0x00000000d5a7c6b0,0x00000000d5a80000)
  from space 1024K, 56% used [0x00000000d5b80000,0x00000000d5c10000,0x00000000d5c80000)
  to   space 1024K, 0% used [0x00000000d5a80000,0x00000000d5a80000,0x00000000d5b80000)
 ParOldGen       total 161280K, used 160776K [0x0000000080000000, 0x0000000089d80000, 0x00000000d5580000)
  object space 161280K, 99% used [0x0000000080000000,0x0000000089d02018,0x0000000089d80000)
 Metaspace       used 70467K, committed 72064K, reserved 1114112K
  class space    used 7217K, committed 7872K, reserved 1048576K
}
Event: 54.726 GC heap after
{Heap after GC invocations=272 (full 3):
 PSYoungGen      total 6144K, used 927K [0x00000000d5580000, 0x00000000d5c80000, 0x0000000100000000)
  eden space 5120K, 0% used [0x00000000d5580000,0x00000000d5580000,0x00000000d5a80000)
  from space 1024K, 90% used [0x00000000d5a80000,0x00000000d5b67cc8,0x00000000d5b80000)
  to   space 1024K, 0% used [0x00000000d5b80000,0x00000000d5b80000,0x00000000d5c80000)
 ParOldGen       total 161280K, used 161136K [0x0000000080000000, 0x0000000089d80000, 0x00000000d5580000)
  object space 161280K, 99% used [0x0000000080000000,0x0000000089d5c038,0x0000000089d80000)
 Metaspace       used 70467K, committed 72064K, reserved 1114112K
  class space    used 7217K, committed 7872K, reserved 1048576K
}
Event: 54.802 GC heap before
{Heap before GC invocations=273 (full 3):
 PSYoungGen      total 6144K, used 6047K [0x00000000d5580000, 0x00000000d5c80000, 0x0000000100000000)
  eden space 5120K, 100% used [0x00000000d5580000,0x00000000d5a80000,0x00000000d5a80000)
  from space 1024K, 90% used [0x00000000d5a80000,0x00000000d5b67cc8,0x00000000d5b80000)
  to   space 1024K, 0% used [0x00000000d5b80000,0x00000000d5b80000,0x00000000d5c80000)
 ParOldGen       total 161280K, used 161136K [0x0000000080000000, 0x0000000089d80000, 0x00000000d5580000)
  object space 161280K, 99% used [0x0000000080000000,0x0000000089d5c038,0x0000000089d80000)
 Metaspace       used 70675K, committed 72384K, reserved 1114112K
  class space    used 7240K, committed 7936K, reserved 1048576K
}
Event: 54.804 GC heap after
{Heap after GC invocations=273 (full 3):
 PSYoungGen      total 6144K, used 287K [0x00000000d5580000, 0x00000000d5c80000, 0x0000000100000000)
  eden space 5120K, 0% used [0x00000000d5580000,0x00000000d5580000,0x00000000d5a80000)
  from space 1024K, 28% used [0x00000000d5b80000,0x00000000d5bc7e50,0x00000000d5c80000)
  to   space 1024K, 0% used [0x00000000d5a80000,0x00000000d5a80000,0x00000000d5b80000)
 ParOldGen       total 162304K, used 161881K [0x0000000080000000, 0x0000000089e80000, 0x00000000d5580000)
  object space 162304K, 99% used [0x0000000080000000,0x0000000089e16768,0x0000000089e80000)
 Metaspace       used 70675K, committed 72384K, reserved 1114112K
  class space    used 7240K, committed 7936K, reserved 1048576K
}
Event: 54.850 GC heap before
{Heap before GC invocations=274 (full 3):
 PSYoungGen      total 6144K, used 4782K [0x00000000d5580000, 0x00000000d5c80000, 0x0000000100000000)
  eden space 5120K, 87% used [0x00000000d5580000,0x00000000d59e3ca8,0x00000000d5a80000)
  from space 1024K, 28% used [0x00000000d5b80000,0x00000000d5bc7e50,0x00000000d5c80000)
  to   space 1024K, 0% used [0x00000000d5a80000,0x00000000d5a80000,0x00000000d5b80000)
 ParOldGen       total 162304K, used 161881K [0x0000000080000000, 0x0000000089e80000, 0x00000000d5580000)
  object space 162304K, 99% used [0x0000000080000000,0x0000000089e16768,0x0000000089e80000)
 Metaspace       used 70686K, committed 72384K, reserved 1114112K
  class space    used 7240K, committed 7936K, reserved 1048576K
}
Event: 54.852 GC heap after
{Heap after GC invocations=274 (full 3):
 PSYoungGen      total 6144K, used 347K [0x00000000d5580000, 0x00000000d5c00000, 0x0000000100000000)
  eden space 5120K, 0% used [0x00000000d5580000,0x00000000d5580000,0x00000000d5a80000)
  from space 1024K, 33% used [0x00000000d5a80000,0x00000000d5ad6ff0,0x00000000d5b80000)
  to   space 512K, 0% used [0x00000000d5b80000,0x00000000d5b80000,0x00000000d5c00000)
 ParOldGen       total 162304K, used 162102K [0x0000000080000000, 0x0000000089e80000, 0x00000000d5580000)
  object space 162304K, 99% used [0x0000000080000000,0x0000000089e4dbe8,0x0000000089e80000)
 Metaspace       used 70686K, committed 72384K, reserved 1114112K
  class space    used 7240K, committed 7936K, reserved 1048576K
}
Event: 54.900 GC heap before
{Heap before GC invocations=275 (full 3):
 PSYoungGen      total 6144K, used 5358K [0x00000000d5580000, 0x00000000d5c00000, 0x0000000100000000)
  eden space 5120K, 97% used [0x00000000d5580000,0x00000000d5a64a48,0x00000000d5a80000)
  from space 1024K, 33% used [0x00000000d5a80000,0x00000000d5ad6ff0,0x00000000d5b80000)
  to   space 512K, 0% used [0x00000000d5b80000,0x00000000d5b80000,0x00000000d5c00000)
 ParOldGen       total 162304K, used 162102K [0x0000000080000000, 0x0000000089e80000, 0x00000000d5580000)
  object space 162304K, 99% used [0x0000000080000000,0x0000000089e4dbe8,0x0000000089e80000)
 Metaspace       used 70692K, committed 72384K, reserved 1114112K
  class space    used 7240K, committed 7936K, reserved 1048576K
}
Event: 54.902 GC heap after
{Heap after GC invocations=275 (full 3):
 PSYoungGen      total 5632K, used 495K [0x00000000d5580000, 0x00000000d5c80000, 0x0000000100000000)
  eden space 5120K, 0% used [0x00000000d5580000,0x00000000d5580000,0x00000000d5a80000)
  from space 512K, 96% used [0x00000000d5b80000,0x00000000d5bfbfc8,0x00000000d5c00000)
  to   space 1024K, 0% used [0x00000000d5a80000,0x00000000d5a80000,0x00000000d5b80000)
 ParOldGen       total 162304K, used 162298K [0x0000000080000000, 0x0000000089e80000, 0x00000000d5580000)
  object space 162304K, 99% used [0x0000000080000000,0x0000000089e7eb48,0x0000000089e80000)
 Metaspace       used 70692K, committed 72384K, reserved 1114112K
  class space    used 7240K, committed 7936K, reserved 1048576K
}

