# JRE version: OpenJDK Runtime Environment Temurin-21.0.8+9 (21.0.8+9) (build 21.0.8+9-LTS)
# Java VM: OpenJDK 64-Bit Server VM Temurin-21.0.8+9 (21.0.8+9-LTS, mixed mode, sharing, tiered, compressed oops, compressed class ptrs, parallel gc, windows-amd64)
GC Precious Log:
 CardTable entry size: 512
 CPUs: 12 total, 12 available
 Memory: 7896M
 Large Page Support: Disabled
 NUMA Support: Disabled
 Compressed Oops: Enabled (32-bit)
 Alignments: Space 512K, Generation 512K, Heap 2M
 Heap Min Capacity: 100M
 Heap Initial Capacity: 100M
 Heap Max Capacity: 2G
 Pre-touch: Disabled
 Parallel Workers: 10
Heap:
 PSYoungGen      total 6144K, used 5172K [0x00000000d5580000, 0x00000000d5e00000, 0x0000000100000000)
  eden space 5120K, 86% used [0x00000000d5580000,0x00000000d59d0098,0x00000000d5a80000)
  from space 1024K, 73% used [0x00000000d5d00000,0x00000000d5dbd200,0x00000000d5e00000)
  to   space 1024K, 0% used [0x00000000d5c00000,0x00000000d5c00000,0x00000000d5d00000)
 ParOldGen       total 211456K, used 211089K [0x0000000080000000, 0x000000008ce80000, 0x00000000d5580000)
  object space 211456K, 99% used [0x0000000080000000,0x000000008ce247a8,0x000000008ce80000)
 Metaspace       used 79143K, committed 80896K, reserved 1179648K
  class space    used 8070K, committed 8832K, reserved 1048576K
GC Heap History (20 events):
Event: 39762.211 GC heap before
{Heap before GC invocations=531 (full 4):
 PSYoungGen      total 8704K, used 8384K [0x00000000d5580000, 0x00000000d6400000, 0x0000000100000000)
  eden space 5120K, 100% used [0x00000000d5580000,0x00000000d5a80000,0x00000000d5a80000)
  from space 3584K, 91% used [0x00000000d6080000,0x00000000d63b0000,0x00000000d6400000)
  to   space 4096K, 0% used [0x00000000d5c00000,0x00000000d5c00000,0x00000000d6000000)
 ParOldGen       total 201216K, used 200892K [0x0000000080000000, 0x000000008c480000, 0x00000000d5580000)
  object space 201216K, 99% used [0x0000000080000000,0x000000008c42f3b0,0x000000008c480000)
 Metaspace       used 79017K, committed 80704K, reserved 1179648K
  class space    used 8070K, committed 8832K, reserved 1048576K
}
Event: 39762.287 GC heap after
{Heap after GC invocations=531 (full 4):
 PSYoungGen      total 7680K, used 2473K [0x00000000d5580000, 0x00000000d6100000, 0x0000000100000000)
  eden space 5120K, 0% used [0x00000000d5580000,0x00000000d5580000,0x00000000d5a80000)
  from space 2560K, 96% used [0x00000000d5c00000,0x00000000d5e6a440,0x00000000d5e80000)
  to   space 2560K, 0% used [0x00000000d5e80000,0x00000000d5e80000,0x00000000d6100000)
 ParOldGen       total 204288K, used 204052K [0x0000000080000000, 0x000000008c780000, 0x00000000d5580000)
  object space 204288K, 99% used [0x0000000080000000,0x000000008c7453b0,0x000000008c780000)
 Metaspace       used 79017K, committed 80704K, reserved 1179648K
  class space    used 8070K, committed 8832K, reserved 1048576K
}
Event: 39762.648 GC heap before
{Heap before GC invocations=532 (full 4):
 PSYoungGen      total 7680K, used 7593K [0x00000000d5580000, 0x00000000d6100000, 0x0000000100000000)
  eden space 5120K, 100% used [0x00000000d5580000,0x00000000d5a80000,0x00000000d5a80000)
  from space 2560K, 96% used [0x00000000d5c00000,0x00000000d5e6a440,0x00000000d5e80000)
  to   space 2560K, 0% used [0x00000000d5e80000,0x00000000d5e80000,0x00000000d6100000)
 ParOldGen       total 204288K, used 204052K [0x0000000080000000, 0x000000008c780000, 0x00000000d5580000)
  object space 204288K, 99% used [0x0000000080000000,0x000000008c7453b0,0x000000008c780000)
 Metaspace       used 79018K, committed 80704K, reserved 1179648K
  class space    used 8070K, committed 8832K, reserved 1048576K
}
Event: 39762.660 GC heap after
{Heap after GC invocations=532 (full 4):
 PSYoungGen      total 6144K, used 896K [0x00000000d5580000, 0x00000000d5f80000, 0x0000000100000000)
  eden space 5120K, 0% used [0x00000000d5580000,0x00000000d5580000,0x00000000d5a80000)
  from space 1024K, 87% used [0x00000000d5e80000,0x00000000d5f60020,0x00000000d5f80000)
  to   space 2048K, 0% used [0x00000000d5b80000,0x00000000d5b80000,0x00000000d5d80000)
 ParOldGen       total 206336K, used 206325K [0x0000000080000000, 0x000000008c980000, 0x00000000d5580000)
  object space 206336K, 99% used [0x0000000080000000,0x000000008c97d7f0,0x000000008c980000)
 Metaspace       used 79018K, committed 80704K, reserved 1179648K
  class space    used 8070K, committed 8832K, reserved 1048576K
}
Event: 39763.286 GC heap before
{Heap before GC invocations=533 (full 4):
 PSYoungGen      total 6144K, used 6016K [0x00000000d5580000, 0x00000000d5f80000, 0x0000000100000000)
  eden space 5120K, 100% used [0x00000000d5580000,0x00000000d5a80000,0x00000000d5a80000)
  from space 1024K, 87% used [0x00000000d5e80000,0x00000000d5f60020,0x00000000d5f80000)
  to   space 2048K, 0% used [0x00000000d5b80000,0x00000000d5b80000,0x00000000d5d80000)
 ParOldGen       total 206336K, used 206325K [0x0000000080000000, 0x000000008c980000, 0x00000000d5580000)
  object space 206336K, 99% used [0x0000000080000000,0x000000008c97d7f0,0x000000008c980000)
 Metaspace       used 79067K, committed 80768K, reserved 1179648K
  class space    used 8070K, committed 8832K, reserved 1048576K
}
Event: 39763.300 GC heap after
{Heap after GC invocations=533 (full 4):
 PSYoungGen      total 7168K, used 826K [0x00000000d5580000, 0x00000000d5f00000, 0x0000000100000000)
  eden space 5120K, 0% used [0x00000000d5580000,0x00000000d5580000,0x00000000d5a80000)
  from space 2048K, 40% used [0x00000000d5b80000,0x00000000d5c4e900,0x00000000d5d80000)
  to   space 1024K, 0% used [0x00000000d5e00000,0x00000000d5e00000,0x00000000d5f00000)
 ParOldGen       total 207360K, used 207082K [0x0000000080000000, 0x000000008ca80000, 0x00000000d5580000)
  object space 207360K, 99% used [0x0000000080000000,0x000000008ca3a840,0x000000008ca80000)
 Metaspace       used 79067K, committed 80768K, reserved 1179648K
  class space    used 8070K, committed 8832K, reserved 1048576K
}
Event: 39763.430 GC heap before
{Heap before GC invocations=534 (full 4):
 PSYoungGen      total 7168K, used 5946K [0x00000000d5580000, 0x00000000d5f00000, 0x0000000100000000)
  eden space 5120K, 100% used [0x00000000d5580000,0x00000000d5a80000,0x00000000d5a80000)
  from space 2048K, 40% used [0x00000000d5b80000,0x00000000d5c4e900,0x00000000d5d80000)
  to   space 1024K, 0% used [0x00000000d5e00000,0x00000000d5e00000,0x00000000d5f00000)
 ParOldGen       total 207360K, used 207082K [0x0000000080000000, 0x000000008ca80000, 0x00000000d5580000)
  object space 207360K, 99% used [0x0000000080000000,0x000000008ca3a840,0x000000008ca80000)
 Metaspace       used 79073K, committed 80768K, reserved 1179648K
  class space    used 8070K, committed 8832K, reserved 1048576K
}
Event: 39763.436 GC heap after
{Heap after GC invocations=534 (full 4):
 PSYoungGen      total 6144K, used 826K [0x00000000d5580000, 0x00000000d5f00000, 0x0000000100000000)
  eden space 5120K, 0% used [0x00000000d5580000,0x00000000d5580000,0x00000000d5a80000)
  from space 1024K, 80% used [0x00000000d5e00000,0x00000000d5ece900,0x00000000d5f00000)
  to   space 1024K, 0% used [0x00000000d5d00000,0x00000000d5d00000,0x00000000d5e00000)
 ParOldGen       total 207872K, used 207739K [0x0000000080000000, 0x000000008cb00000, 0x00000000d5580000)
  object space 207872K, 99% used [0x0000000080000000,0x000000008cadecd8,0x000000008cb00000)
 Metaspace       used 79073K, committed 80768K, reserved 1179648K
  class space    used 8070K, committed 8832K, reserved 1048576K
}
Event: 39763.521 GC heap before
{Heap before GC invocations=535 (full 4):
 PSYoungGen      total 6144K, used 5946K [0x00000000d5580000, 0x00000000d5f00000, 0x0000000100000000)
  eden space 5120K, 100% used [0x00000000d5580000,0x00000000d5a80000,0x00000000d5a80000)
  from space 1024K, 80% used [0x00000000d5e00000,0x00000000d5ece900,0x00000000d5f00000)
  to   space 1024K, 0% used [0x00000000d5d00000,0x00000000d5d00000,0x00000000d5e00000)
 ParOldGen       total 207872K, used 207739K [0x0000000080000000, 0x000000008cb00000, 0x00000000d5580000)
  object space 207872K, 99% used [0x0000000080000000,0x000000008cadecd8,0x000000008cb00000)
 Metaspace       used 79081K, committed 80768K, reserved 1179648K
  class space    used 8070K, committed 8832K, reserved 1048576K
}
Event: 39763.536 GC heap after
{Heap after GC invocations=535 (full 4):
 PSYoungGen      total 6144K, used 884K [0x00000000d5580000, 0x00000000d5e80000, 0x0000000100000000)
  eden space 5120K, 0% used [0x00000000d5580000,0x00000000d5580000,0x00000000d5a80000)
  from space 1024K, 86% used [0x00000000d5d00000,0x00000000d5ddd200,0x00000000d5e00000)
  to   space 512K, 0% used [0x00000000d5e00000,0x00000000d5e00000,0x00000000d5e80000)
 ParOldGen       total 208896K, used 208395K [0x0000000080000000, 0x000000008cc00000, 0x00000000d5580000)
  object space 208896K, 99% used [0x0000000080000000,0x000000008cb82f18,0x000000008cc00000)
 Metaspace       used 79081K, committed 80768K, reserved 1179648K
  class space    used 8070K, committed 8832K, reserved 1048576K
}
Event: 39769.630 GC heap before
{Heap before GC invocations=536 (full 4):
 PSYoungGen      total 6144K, used 6004K [0x00000000d5580000, 0x00000000d5e80000, 0x0000000100000000)
  eden space 5120K, 100% used [0x00000000d5580000,0x00000000d5a80000,0x00000000d5a80000)
  from space 1024K, 86% used [0x00000000d5d00000,0x00000000d5ddd200,0x00000000d5e00000)
  to   space 512K, 0% used [0x00000000d5e00000,0x00000000d5e00000,0x00000000d5e80000)
 ParOldGen       total 208896K, used 208395K [0x0000000080000000, 0x000000008cc00000, 0x00000000d5580000)
  object space 208896K, 99% used [0x0000000080000000,0x000000008cb82f18,0x000000008cc00000)
 Metaspace       used 79105K, committed 80768K, reserved 1179648K
  class space    used 8070K, committed 8832K, reserved 1048576K
}
Event: 39769.635 GC heap after
{Heap after GC invocations=536 (full 4):
 PSYoungGen      total 5632K, used 512K [0x00000000d5580000, 0x00000000d5e80000, 0x0000000100000000)
  eden space 5120K, 0% used [0x00000000d5580000,0x00000000d5580000,0x00000000d5a80000)
  from space 512K, 100% used [0x00000000d5e00000,0x00000000d5e80000,0x00000000d5e80000)
  to   space 1536K, 0% used [0x00000000d5b80000,0x00000000d5b80000,0x00000000d5d00000)
 ParOldGen       total 209408K, used 209164K [0x0000000080000000, 0x000000008cc80000, 0x00000000d5580000)
  object space 209408K, 99% used [0x0000000080000000,0x000000008cc43348,0x000000008cc80000)
 Metaspace       used 79105K, committed 80768K, reserved 1179648K
  class space    used 8070K, committed 8832K, reserved 1048576K
}
Event: 39769.681 GC heap before
{Heap before GC invocations=537 (full 4):
 PSYoungGen      total 5632K, used 5632K [0x00000000d5580000, 0x00000000d5e80000, 0x0000000100000000)
  eden space 5120K, 100% used [0x00000000d5580000,0x00000000d5a80000,0x00000000d5a80000)
  from space 512K, 100% used [0x00000000d5e00000,0x00000000d5e80000,0x00000000d5e80000)
  to   space 1536K, 0% used [0x00000000d5b80000,0x00000000d5b80000,0x00000000d5d00000)
 ParOldGen       total 209408K, used 209164K [0x0000000080000000, 0x000000008cc80000, 0x00000000d5580000)
  object space 209408K, 99% used [0x0000000080000000,0x000000008cc43348,0x000000008cc80000)
 Metaspace       used 79107K, committed 80768K, reserved 1179648K
  class space    used 8070K, committed 8832K, reserved 1048576K
}
Event: 39769.683 GC heap after
{Heap after GC invocations=537 (full 4):
 PSYoungGen      total 6656K, used 842K [0x00000000d5580000, 0x00000000d5e80000, 0x0000000100000000)
  eden space 5120K, 0% used [0x00000000d5580000,0x00000000d5580000,0x00000000d5a80000)
  from space 1536K, 54% used [0x00000000d5b80000,0x00000000d5c52910,0x00000000d5d00000)
  to   space 1024K, 0% used [0x00000000d5d80000,0x00000000d5d80000,0x00000000d5e80000)
 ParOldGen       total 209920K, used 209636K [0x0000000080000000, 0x000000008cd00000, 0x00000000d5580000)
  object space 209920K, 99% used [0x0000000080000000,0x000000008ccb9348,0x000000008cd00000)
 Metaspace       used 79107K, committed 80768K, reserved 1179648K
  class space    used 8070K, committed 8832K, reserved 1048576K
}
Event: 39769.717 GC heap before
{Heap before GC invocations=538 (full 4):
 PSYoungGen      total 6656K, used 5962K [0x00000000d5580000, 0x00000000d5e80000, 0x0000000100000000)
  eden space 5120K, 100% used [0x00000000d5580000,0x00000000d5a80000,0x00000000d5a80000)
  from space 1536K, 54% used [0x00000000d5b80000,0x00000000d5c52910,0x00000000d5d00000)
  to   space 1024K, 0% used [0x00000000d5d80000,0x00000000d5d80000,0x00000000d5e80000)
 ParOldGen       total 209920K, used 209636K [0x0000000080000000, 0x000000008cd00000, 0x00000000d5580000)
  object space 209920K, 99% used [0x0000000080000000,0x000000008ccb9348,0x000000008cd00000)
 Metaspace       used 79108K, committed 80768K, reserved 1179648K
  class space    used 8070K, committed 8832K, reserved 1048576K
}
Event: 39769.719 GC heap after
{Heap after GC invocations=538 (full 4):
 PSYoungGen      total 5632K, used 378K [0x00000000d5580000, 0x00000000d5e00000, 0x0000000100000000)
  eden space 5120K, 0% used [0x00000000d5580000,0x00000000d5580000,0x00000000d5a80000)
  from space 512K, 73% used [0x00000000d5d80000,0x00000000d5dde900,0x00000000d5e00000)
  to   space 1024K, 0% used [0x00000000d5c00000,0x00000000d5c00000,0x00000000d5d00000)
 ParOldGen       total 210432K, used 210272K [0x0000000080000000, 0x000000008cd80000, 0x00000000d5580000)
  object space 210432K, 99% used [0x0000000080000000,0x000000008cd58368,0x000000008cd80000)
 Metaspace       used 79108K, committed 80768K, reserved 1179648K
  class space    used 8070K, committed 8832K, reserved 1048576K
}
Event: 39769.763 GC heap before
{Heap before GC invocations=539 (full 4):
 PSYoungGen      total 5632K, used 5498K [0x00000000d5580000, 0x00000000d5e00000, 0x0000000100000000)
  eden space 5120K, 100% used [0x00000000d5580000,0x00000000d5a80000,0x00000000d5a80000)
  from space 512K, 73% used [0x00000000d5d80000,0x00000000d5dde900,0x00000000d5e00000)
  to   space 1024K, 0% used [0x00000000d5c00000,0x00000000d5c00000,0x00000000d5d00000)
 ParOldGen       total 210432K, used 210272K [0x0000000080000000, 0x000000008cd80000, 0x00000000d5580000)
  object space 210432K, 99% used [0x0000000080000000,0x000000008cd58368,0x000000008cd80000)
 Metaspace       used 79113K, committed 80832K, reserved 1179648K
  class space    used 8070K, committed 8832K, reserved 1048576K
}
Event: 39769.765 GC heap after
{Heap after GC invocations=539 (full 4):
 PSYoungGen      total 6144K, used 810K [0x00000000d5580000, 0x00000000d5e00000, 0x0000000100000000)
  eden space 5120K, 0% used [0x00000000d5580000,0x00000000d5580000,0x00000000d5a80000)
  from space 1024K, 79% used [0x00000000d5c00000,0x00000000d5cca910,0x00000000d5d00000)
  to   space 1024K, 0% used [0x00000000d5d00000,0x00000000d5d00000,0x00000000d5e00000)
 ParOldGen       total 210432K, used 210421K [0x0000000080000000, 0x000000008cd80000, 0x00000000d5580000)
  object space 210432K, 99% used [0x0000000080000000,0x000000008cd7d578,0x000000008cd80000)
 Metaspace       used 79113K, committed 80832K, reserved 1179648K
  class space    used 8070K, committed 8832K, reserved 1048576K
}
Event: 39769.894 GC heap before
{Heap before GC invocations=540 (full 4):
 PSYoungGen      total 6144K, used 5930K [0x00000000d5580000, 0x00000000d5e00000, 0x0000000100000000)
  eden space 5120K, 100% used [0x00000000d5580000,0x00000000d5a80000,0x00000000d5a80000)
  from space 1024K, 79% used [0x00000000d5c00000,0x00000000d5cca910,0x00000000d5d00000)
  to   space 1024K, 0% used [0x00000000d5d00000,0x00000000d5d00000,0x00000000d5e00000)
 ParOldGen       total 210432K, used 210421K [0x0000000080000000, 0x000000008cd80000, 0x00000000d5580000)
  object space 210432K, 99% used [0x0000000080000000,0x000000008cd7d578,0x000000008cd80000)
 Metaspace       used 79132K, committed 80832K, reserved 1179648K
  class space    used 8070K, committed 8832K, reserved 1048576K
}
Event: 39769.896 GC heap after
{Heap after GC invocations=540 (full 4):
 PSYoungGen      total 6144K, used 756K [0x00000000d5580000, 0x00000000d5e00000, 0x0000000100000000)
  eden space 5120K, 0% used [0x00000000d5580000,0x00000000d5580000,0x00000000d5a80000)
  from space 1024K, 73% used [0x00000000d5d00000,0x00000000d5dbd200,0x00000000d5e00000)
  to   space 1024K, 0% used [0x00000000d5c00000,0x00000000d5c00000,0x00000000d5d00000)
 ParOldGen       total 211456K, used 211089K [0x0000000080000000, 0x000000008ce80000, 0x00000000d5580000)
  object space 211456K, 99% used [0x0000000080000000,0x000000008ce247a8,0x000000008ce80000)
 Metaspace       used 79132K, committed 80832K, reserved 1179648K
  class space    used 8070K, committed 8832K, reserved 1048576K
}

