# JRE version: OpenJDK Runtime Environment Temurin-21.0.9+10 (21.0.9+10) (build 21.0.9+10-LTS)
# Java VM: OpenJDK 64-Bit Server VM Temurin-21.0.9+10 (21.0.9+10-LTS, mixed mode, sharing, tiered, compressed oops, compressed class ptrs, parallel gc, windows-amd64)
GC Precious Log:
 CardTable entry size: 512
 CPUs: 12 total, 12 available
 Memory: 7896M
 Large Page Support: Disabled
 NUMA Support: Disabled
 Compressed Oops: Enabled (32-bit)
 Alignments: Space 512K, Generation 512K, Heap 2M
 Heap Min Capacity: 100M
 Heap Initial Capacity: 100M
 Heap Max Capacity: 2G
 Pre-touch: Disabled
 Parallel Workers: 10
Heap:
 PSYoungGen      total 5632K, used 2066K [0x00000000d5580000, 0x00000000d6180000, 0x0000000100000000)
  eden space 4608K, 22% used [0x00000000d5580000,0x00000000d5685b08,0x00000000d5a00000)
  from space 1024K, 99% used [0x00000000d5d80000,0x00000000d5e7ee28,0x00000000d5e80000)
  to   space 3584K, 0% used [0x00000000d5a00000,0x00000000d5a00000,0x00000000d5d80000)
 ParOldGen       total 312320K, used 312265K [0x0000000080000000, 0x0000000093100000, 0x00000000d5580000)
  object space 312320K, 99% used [0x0000000080000000,0x00000000930f2718,0x0000000093100000)
 Metaspace       used 81068K, committed 82816K, reserved 1179648K
  class space    used 8536K, committed 9344K, reserved 1048576K
GC Heap History (20 events):
Event: 170.467 GC heap before
{Heap before GC invocations=248 (full 3):
 PSYoungGen      total 6144K, used 5776K [0x00000000d5580000, 0x00000000d5d80000, 0x0000000100000000)
  eden space 5120K, 100% used [0x00000000d5580000,0x00000000d5a80000,0x00000000d5a80000)
  from space 1024K, 64% used [0x00000000d5c80000,0x00000000d5d24010,0x00000000d5d80000)
  to   space 1024K, 0% used [0x00000000d5b80000,0x00000000d5b80000,0x00000000d5c80000)
 ParOldGen       total 302080K, used 301765K [0x0000000080000000, 0x0000000092700000, 0x00000000d5580000)
  object space 302080K, 99% used [0x0000000080000000,0x00000000926b1630,0x0000000092700000)
 Metaspace       used 80646K, committed 82432K, reserved 1179648K
  class space    used 8481K, committed 9280K, reserved 1048576K
}
Event: 170.470 GC heap after
{Heap after GC invocations=248 (full 3):
 PSYoungGen      total 6144K, used 608K [0x00000000d5580000, 0x00000000d5d00000, 0x0000000100000000)
  eden space 5120K, 0% used [0x00000000d5580000,0x00000000d5580000,0x00000000d5a80000)
  from space 1024K, 59% used [0x00000000d5b80000,0x00000000d5c18020,0x00000000d5c80000)
  to   space 512K, 0% used [0x00000000d5c80000,0x00000000d5c80000,0x00000000d5d00000)
 ParOldGen       total 302592K, used 302349K [0x0000000080000000, 0x0000000092780000, 0x00000000d5580000)
  object space 302592K, 99% used [0x0000000080000000,0x0000000092743660,0x0000000092780000)
 Metaspace       used 80646K, committed 82432K, reserved 1179648K
  class space    used 8481K, committed 9280K, reserved 1048576K
}
Event: 170.493 GC heap before
{Heap before GC invocations=249 (full 3):
 PSYoungGen      total 6144K, used 5727K [0x00000000d5580000, 0x00000000d5d00000, 0x0000000100000000)
  eden space 5120K, 99% used [0x00000000d5580000,0x00000000d5a7ff80,0x00000000d5a80000)
  from space 1024K, 59% used [0x00000000d5b80000,0x00000000d5c18020,0x00000000d5c80000)
  to   space 512K, 0% used [0x00000000d5c80000,0x00000000d5c80000,0x00000000d5d00000)
 ParOldGen       total 302592K, used 302349K [0x0000000080000000, 0x0000000092780000, 0x00000000d5580000)
  object space 302592K, 99% used [0x0000000080000000,0x0000000092743660,0x0000000092780000)
 Metaspace       used 80653K, committed 82432K, reserved 1179648K
  class space    used 8481K, committed 9280K, reserved 1048576K
}
Event: 170.496 GC heap after
{Heap after GC invocations=249 (full 3):
 PSYoungGen      total 5632K, used 500K [0x00000000d5580000, 0x00000000d5d80000, 0x0000000100000000)
  eden space 5120K, 0% used [0x00000000d5580000,0x00000000d5580000,0x00000000d5a80000)
  from space 512K, 97% used [0x00000000d5c80000,0x00000000d5cfd200,0x00000000d5d00000)
  to   space 1536K, 0% used [0x00000000d5a80000,0x00000000d5a80000,0x00000000d5c00000)
 ParOldGen       total 303104K, used 302885K [0x0000000080000000, 0x0000000092800000, 0x00000000d5580000)
  object space 303104K, 99% used [0x0000000080000000,0x00000000927c96a0,0x0000000092800000)
 Metaspace       used 80653K, committed 82432K, reserved 1179648K
  class space    used 8481K, committed 9280K, reserved 1048576K
}
Event: 170.504 GC heap before
{Heap before GC invocations=250 (full 3):
 PSYoungGen      total 5632K, used 5620K [0x00000000d5580000, 0x00000000d5d80000, 0x0000000100000000)
  eden space 5120K, 100% used [0x00000000d5580000,0x00000000d5a80000,0x00000000d5a80000)
  from space 512K, 97% used [0x00000000d5c80000,0x00000000d5cfd200,0x00000000d5d00000)
  to   space 1536K, 0% used [0x00000000d5a80000,0x00000000d5a80000,0x00000000d5c00000)
 ParOldGen       total 303104K, used 302885K [0x0000000080000000, 0x0000000092800000, 0x00000000d5580000)
  object space 303104K, 99% used [0x0000000080000000,0x00000000927c96a0,0x0000000092800000)
 Metaspace       used 80653K, committed 82432K, reserved 1179648K
  class space    used 8481K, committed 9280K, reserved 1048576K
}
Event: 170.505 GC heap after
{Heap after GC invocations=250 (full 3):
 PSYoungGen      total 6656K, used 512K [0x00000000d5580000, 0x00000000d5d00000, 0x0000000100000000)
  eden space 5120K, 0% used [0x00000000d5580000,0x00000000d5580000,0x00000000d5a80000)
  from space 1536K, 33% used [0x00000000d5a80000,0x00000000d5b00000,0x00000000d5c00000)
  to   space 1024K, 0% used [0x00000000d5c00000,0x00000000d5c00000,0x00000000d5d00000)
 ParOldGen       total 303616K, used 303378K [0x0000000080000000, 0x0000000092880000, 0x00000000d5580000)
  object space 303616K, 99% used [0x0000000080000000,0x00000000928448b0,0x0000000092880000)
 Metaspace       used 80653K, committed 82432K, reserved 1179648K
  class space    used 8481K, committed 9280K, reserved 1048576K
}
Event: 170.513 GC heap before
{Heap before GC invocations=251 (full 3):
 PSYoungGen      total 6656K, used 5632K [0x00000000d5580000, 0x00000000d5d00000, 0x0000000100000000)
  eden space 5120K, 100% used [0x00000000d5580000,0x00000000d5a80000,0x00000000d5a80000)
  from space 1536K, 33% used [0x00000000d5a80000,0x00000000d5b00000,0x00000000d5c00000)
  to   space 1024K, 0% used [0x00000000d5c00000,0x00000000d5c00000,0x00000000d5d00000)
 ParOldGen       total 303616K, used 303378K [0x0000000080000000, 0x0000000092880000, 0x00000000d5580000)
  object space 303616K, 99% used [0x0000000080000000,0x00000000928448b0,0x0000000092880000)
 Metaspace       used 80653K, committed 82432K, reserved 1179648K
  class space    used 8481K, committed 9280K, reserved 1048576K
}
Event: 170.514 GC heap after
{Heap after GC invocations=251 (full 3):
 PSYoungGen      total 6144K, used 544K [0x00000000d5580000, 0x00000000d5d00000, 0x0000000100000000)
  eden space 5120K, 0% used [0x00000000d5580000,0x00000000d5580000,0x00000000d5a80000)
  from space 1024K, 53% used [0x00000000d5c00000,0x00000000d5c88020,0x00000000d5d00000)
  to   space 1024K, 0% used [0x00000000d5b00000,0x00000000d5b00000,0x00000000d5c00000)
 ParOldGen       total 304128K, used 303758K [0x0000000080000000, 0x0000000092900000, 0x00000000d5580000)
  object space 304128K, 99% used [0x0000000080000000,0x00000000928a38e0,0x0000000092900000)
 Metaspace       used 80653K, committed 82432K, reserved 1179648K
  class space    used 8481K, committed 9280K, reserved 1048576K
}
Event: 170.899 GC heap before
{Heap before GC invocations=252 (full 3):
 PSYoungGen      total 6144K, used 5663K [0x00000000d5580000, 0x00000000d5d00000, 0x0000000100000000)
  eden space 5120K, 99% used [0x00000000d5580000,0x00000000d5a7ffd0,0x00000000d5a80000)
  from space 1024K, 53% used [0x00000000d5c00000,0x00000000d5c88020,0x00000000d5d00000)
  to   space 1024K, 0% used [0x00000000d5b00000,0x00000000d5b00000,0x00000000d5c00000)
 ParOldGen       total 304128K, used 303758K [0x0000000080000000, 0x0000000092900000, 0x00000000d5580000)
  object space 304128K, 99% used [0x0000000080000000,0x00000000928a38e0,0x0000000092900000)
 Metaspace       used 80668K, committed 82432K, reserved 1179648K
  class space    used 8481K, committed 9280K, reserved 1048576K
}
Event: 170.903 GC heap after
{Heap after GC invocations=252 (full 3):
 PSYoungGen      total 6144K, used 1001K [0x00000000d5580000, 0x00000000d6380000, 0x0000000100000000)
  eden space 5120K, 0% used [0x00000000d5580000,0x00000000d5580000,0x00000000d5a80000)
  from space 1024K, 97% used [0x00000000d5b00000,0x00000000d5bfa6a0,0x00000000d5c00000)
  to   space 4608K, 0% used [0x00000000d5f00000,0x00000000d5f00000,0x00000000d6380000)
 ParOldGen       total 306688K, used 306474K [0x0000000080000000, 0x0000000092b80000, 0x00000000d5580000)
  object space 306688K, 99% used [0x0000000080000000,0x0000000092b4a930,0x0000000092b80000)
 Metaspace       used 80668K, committed 82432K, reserved 1179648K
  class space    used 8481K, committed 9280K, reserved 1048576K
}
Event: 170.966 GC heap before
{Heap before GC invocations=253 (full 3):
 PSYoungGen      total 6144K, used 6121K [0x00000000d5580000, 0x00000000d6380000, 0x0000000100000000)
  eden space 5120K, 100% used [0x00000000d5580000,0x00000000d5a80000,0x00000000d5a80000)
  from space 1024K, 97% used [0x00000000d5b00000,0x00000000d5bfa6a0,0x00000000d5c00000)
  to   space 4608K, 0% used [0x00000000d5f00000,0x00000000d5f00000,0x00000000d6380000)
 ParOldGen       total 306688K, used 306474K [0x0000000080000000, 0x0000000092b80000, 0x00000000d5580000)
  object space 306688K, 99% used [0x0000000080000000,0x0000000092b4a930,0x0000000092b80000)
 Metaspace       used 80946K, committed 82688K, reserved 1179648K
  class space    used 8511K, committed 9280K, reserved 1048576K
}
Event: 170.967 GC heap after
{Heap after GC invocations=253 (full 3):
 PSYoungGen      total 5632K, used 314K [0x00000000d5580000, 0x00000000d5f80000, 0x0000000100000000)
  eden space 5120K, 0% used [0x00000000d5580000,0x00000000d5580000,0x00000000d5a80000)
  from space 512K, 61% used [0x00000000d5f00000,0x00000000d5f4e900,0x00000000d5f80000)
  to   space 2048K, 0% used [0x00000000d5b80000,0x00000000d5b80000,0x00000000d5d80000)
 ParOldGen       total 306688K, used 306578K [0x0000000080000000, 0x0000000092b80000, 0x00000000d5580000)
  object space 306688K, 99% used [0x0000000080000000,0x0000000092b64930,0x0000000092b80000)
 Metaspace       used 80946K, committed 82688K, reserved 1179648K
  class space    used 8511K, committed 9280K, reserved 1048576K
}
Event: 170.987 GC heap before
{Heap before GC invocations=254 (full 3):
 PSYoungGen      total 5632K, used 5434K [0x00000000d5580000, 0x00000000d5f80000, 0x0000000100000000)
  eden space 5120K, 100% used [0x00000000d5580000,0x00000000d5a80000,0x00000000d5a80000)
  from space 512K, 61% used [0x00000000d5f00000,0x00000000d5f4e900,0x00000000d5f80000)
  to   space 2048K, 0% used [0x00000000d5b80000,0x00000000d5b80000,0x00000000d5d80000)
 ParOldGen       total 306688K, used 306578K [0x0000000080000000, 0x0000000092b80000, 0x00000000d5580000)
  object space 306688K, 99% used [0x0000000080000000,0x0000000092b64930,0x0000000092b80000)
 Metaspace       used 80994K, committed 82752K, reserved 1179648K
  class space    used 8514K, committed 9280K, reserved 1048576K
}
Event: 170.988 GC heap after
{Heap after GC invocations=254 (full 3):
 PSYoungGen      total 7168K, used 1614K [0x00000000d5580000, 0x00000000d5f80000, 0x0000000100000000)
  eden space 5120K, 0% used [0x00000000d5580000,0x00000000d5580000,0x00000000d5a80000)
  from space 2048K, 78% used [0x00000000d5b80000,0x00000000d5d13be0,0x00000000d5d80000)
  to   space 2048K, 0% used [0x00000000d5d80000,0x00000000d5d80000,0x00000000d5f80000)
 ParOldGen       total 307200K, used 306762K [0x0000000080000000, 0x0000000092c00000, 0x00000000d5580000)
  object space 307200K, 99% used [0x0000000080000000,0x0000000092b92bd0,0x0000000092c00000)
 Metaspace       used 80994K, committed 82752K, reserved 1179648K
  class space    used 8514K, committed 9280K, reserved 1048576K
}
Event: 171.009 GC heap before
{Heap before GC invocations=255 (full 3):
 PSYoungGen      total 7168K, used 6734K [0x00000000d5580000, 0x00000000d5f80000, 0x0000000100000000)
  eden space 5120K, 100% used [0x00000000d5580000,0x00000000d5a80000,0x00000000d5a80000)
  from space 2048K, 78% used [0x00000000d5b80000,0x00000000d5d13be0,0x00000000d5d80000)
  to   space 2048K, 0% used [0x00000000d5d80000,0x00000000d5d80000,0x00000000d5f80000)
 ParOldGen       total 307200K, used 306762K [0x0000000080000000, 0x0000000092c00000, 0x00000000d5580000)
  object space 307200K, 99% used [0x0000000080000000,0x0000000092b92bd0,0x0000000092c00000)
 Metaspace       used 80994K, committed 82752K, reserved 1179648K
  class space    used 8514K, committed 9280K, reserved 1048576K
}
Event: 171.010 GC heap after
{Heap after GC invocations=255 (full 3):
 PSYoungGen      total 7168K, used 1912K [0x00000000d5580000, 0x00000000d5f80000, 0x0000000100000000)
  eden space 5120K, 0% used [0x00000000d5580000,0x00000000d5580000,0x00000000d5a80000)
  from space 2048K, 93% used [0x00000000d5d80000,0x00000000d5f5e070,0x00000000d5f80000)
  to   space 2048K, 0% used [0x00000000d5b80000,0x00000000d5b80000,0x00000000d5d80000)
 ParOldGen       total 308736K, used 308293K [0x0000000080000000, 0x0000000092d80000, 0x00000000d5580000)
  object space 308736K, 99% used [0x0000000080000000,0x0000000092d11470,0x0000000092d80000)
 Metaspace       used 80994K, committed 82752K, reserved 1179648K
  class space    used 8514K, committed 9280K, reserved 1048576K
}
Event: 171.032 GC heap before
{Heap before GC invocations=256 (full 3):
 PSYoungGen      total 7168K, used 7001K [0x00000000d5580000, 0x00000000d5f80000, 0x0000000100000000)
  eden space 5120K, 99% used [0x00000000d5580000,0x00000000d5a78490,0x00000000d5a80000)
  from space 2048K, 93% used [0x00000000d5d80000,0x00000000d5f5e070,0x00000000d5f80000)
  to   space 2048K, 0% used [0x00000000d5b80000,0x00000000d5b80000,0x00000000d5d80000)
 ParOldGen       total 308736K, used 308293K [0x0000000080000000, 0x0000000092d80000, 0x00000000d5580000)
  object space 308736K, 99% used [0x0000000080000000,0x0000000092d11470,0x0000000092d80000)
 Metaspace       used 80995K, committed 82752K, reserved 1179648K
  class space    used 8514K, committed 9280K, reserved 1048576K
}
Event: 171.035 GC heap after
{Heap after GC invocations=256 (full 3):
 PSYoungGen      total 7168K, used 1754K [0x00000000d5580000, 0x00000000d5e80000, 0x0000000100000000)
  eden space 5120K, 0% used [0x00000000d5580000,0x00000000d5580000,0x00000000d5a80000)
  from space 2048K, 85% used [0x00000000d5b80000,0x00000000d5d36bd8,0x00000000d5d80000)
  to   space 1024K, 0% used [0x00000000d5d80000,0x00000000d5d80000,0x00000000d5e80000)
 ParOldGen       total 310272K, used 310026K [0x0000000080000000, 0x0000000092f00000, 0x00000000d5580000)
  object space 310272K, 99% used [0x0000000080000000,0x0000000092ec2968,0x0000000092f00000)
 Metaspace       used 80995K, committed 82752K, reserved 1179648K
  class space    used 8514K, committed 9280K, reserved 1048576K
}
Event: 171.089 GC heap before
{Heap before GC invocations=257 (full 3):
 PSYoungGen      total 7168K, used 6853K [0x00000000d5580000, 0x00000000d5e80000, 0x0000000100000000)
  eden space 5120K, 99% used [0x00000000d5580000,0x00000000d5a7ab70,0x00000000d5a80000)
  from space 2048K, 85% used [0x00000000d5b80000,0x00000000d5d36bd8,0x00000000d5d80000)
  to   space 1024K, 0% used [0x00000000d5d80000,0x00000000d5d80000,0x00000000d5e80000)
 ParOldGen       total 310272K, used 310026K [0x0000000080000000, 0x0000000092f00000, 0x00000000d5580000)
  object space 310272K, 99% used [0x0000000080000000,0x0000000092ec2968,0x0000000092f00000)
 Metaspace       used 80998K, committed 82752K, reserved 1179648K
  class space    used 8514K, committed 9280K, reserved 1048576K
}
Event: 171.091 GC heap after
{Heap after GC invocations=257 (full 3):
 PSYoungGen      total 5632K, used 1019K [0x00000000d5580000, 0x00000000d6180000, 0x0000000100000000)
  eden space 4608K, 0% used [0x00000000d5580000,0x00000000d5580000,0x00000000d5a00000)
  from space 1024K, 99% used [0x00000000d5d80000,0x00000000d5e7ee28,0x00000000d5e80000)
  to   space 3584K, 0% used [0x00000000d5a00000,0x00000000d5a00000,0x00000000d5d80000)
 ParOldGen       total 312320K, used 312265K [0x0000000080000000, 0x0000000093100000, 0x00000000d5580000)
  object space 312320K, 99% used [0x0000000080000000,0x00000000930f2718,0x0000000093100000)
 Metaspace       used 80998K, committed 82752K, reserved 1179648K
  class space    used 8514K, committed 9280K, reserved 1048576K
}

