# JRE version: OpenJDK Runtime Environment Temurin-21.0.8+9 (21.0.8+9) (build 21.0.8+9-LTS)
# Java VM: OpenJDK 64-Bit Server VM Temurin-21.0.8+9 (21.0.8+9-LTS, mixed mode, sharing, tiered, compressed oops, compressed class ptrs, parallel gc, windows-amd64)
GC Precious Log:
 CardTable entry size: 512
 CPUs: 12 total, 12 available
 Memory: 7896M
 Large Page Support: Disabled
 NUMA Support: Disabled
 Compressed Oops: Enabled (32-bit)
 Alignments: Space 512K, Generation 512K, Heap 2M
 Heap Min Capacity: 100M
 Heap Initial Capacity: 100M
 Heap Max Capacity: 2G
 Pre-touch: Disabled
 Parallel Workers: 10
Heap:
 PSYoungGen      total 22016K, used 2183K [0x00000000d5580000, 0x00000000d6d00000, 0x0000000100000000)
  eden space 19968K, 1% used [0x00000000d5580000,0x00000000d55d9e68,0x00000000d6900000)
  from space 2048K, 89% used [0x00000000d6900000,0x00000000d6ac8000,0x00000000d6b00000)
  to   space 2048K, 0% used [0x00000000d6b00000,0x00000000d6b00000,0x00000000d6d00000)
 ParOldGen       total 68608K, used 36331K [0x0000000080000000, 0x0000000084300000, 0x00000000d5580000)
  object space 68608K, 52% used [0x0000000080000000,0x000000008237ad48,0x0000000084300000)
 Metaspace       used 50281K, committed 51520K, reserved 1114112K
  class space    used 5409K, committed 5952K, reserved 1048576K
GC Heap History (20 events):
Event: 15.093 GC heap after
{Heap after GC invocations=17 (full 2):
 PSYoungGen      total 23552K, used 1536K [0x00000000d5580000, 0x00000000d7100000, 0x0000000100000000)
  eden space 22016K, 0% used [0x00000000d5580000,0x00000000d5580000,0x00000000d6b00000)
  from space 1536K, 100% used [0x00000000d6e00000,0x00000000d6f80000,0x00000000d6f80000)
  to   space 1536K, 0% used [0x00000000d6f80000,0x00000000d6f80000,0x00000000d7100000)
 ParOldGen       total 68608K, used 19632K [0x0000000080000000, 0x0000000084300000, 0x00000000d5580000)
  object space 68608K, 28% used [0x0000000080000000,0x000000008132c098,0x0000000084300000)
 Metaspace       used 39585K, committed 40768K, reserved 1114112K
  class space    used 4245K, committed 4800K, reserved 1048576K
}
Event: 15.397 GC heap before
{Heap before GC invocations=18 (full 2):
 PSYoungGen      total 23552K, used 23552K [0x00000000d5580000, 0x00000000d7100000, 0x0000000100000000)
  eden space 22016K, 100% used [0x00000000d5580000,0x00000000d6b00000,0x00000000d6b00000)
  from space 1536K, 100% used [0x00000000d6e00000,0x00000000d6f80000,0x00000000d6f80000)
  to   space 1536K, 0% used [0x00000000d6f80000,0x00000000d6f80000,0x00000000d7100000)
 ParOldGen       total 68608K, used 19632K [0x0000000080000000, 0x0000000084300000, 0x00000000d5580000)
  object space 68608K, 28% used [0x0000000080000000,0x000000008132c098,0x0000000084300000)
 Metaspace       used 41627K, committed 42752K, reserved 1114112K
  class space    used 4485K, committed 5056K, reserved 1048576K
}
Event: 15.419 GC heap after
{Heap after GC invocations=18 (full 2):
 PSYoungGen      total 23552K, used 1520K [0x00000000d5580000, 0x00000000d7300000, 0x0000000100000000)
  eden space 22016K, 0% used [0x00000000d5580000,0x00000000d5580000,0x00000000d6b00000)
  from space 1536K, 98% used [0x00000000d6f80000,0x00000000d70fc010,0x00000000d7100000)
  to   space 4096K, 0% used [0x00000000d6b00000,0x00000000d6b00000,0x00000000d6f00000)
 ParOldGen       total 68608K, used 21780K [0x0000000080000000, 0x0000000084300000, 0x00000000d5580000)
  object space 68608K, 31% used [0x0000000080000000,0x00000000815451e8,0x0000000084300000)
 Metaspace       used 41627K, committed 42752K, reserved 1114112K
  class space    used 4485K, committed 5056K, reserved 1048576K
}
Event: 16.245 GC heap before
{Heap before GC invocations=19 (full 2):
 PSYoungGen      total 23552K, used 23536K [0x00000000d5580000, 0x00000000d7300000, 0x0000000100000000)
  eden space 22016K, 100% used [0x00000000d5580000,0x00000000d6b00000,0x00000000d6b00000)
  from space 1536K, 98% used [0x00000000d6f80000,0x00000000d70fc010,0x00000000d7100000)
  to   space 4096K, 0% used [0x00000000d6b00000,0x00000000d6b00000,0x00000000d6f00000)
 ParOldGen       total 68608K, used 21780K [0x0000000080000000, 0x0000000084300000, 0x00000000d5580000)
  object space 68608K, 31% used [0x0000000080000000,0x00000000815451e8,0x0000000084300000)
 Metaspace       used 44325K, committed 45632K, reserved 1114112K
  class space    used 4811K, committed 5376K, reserved 1048576K
}
Event: 16.249 GC heap after
{Heap after GC invocations=19 (full 2):
 PSYoungGen      total 24064K, used 1552K [0x00000000d5580000, 0x00000000d7000000, 0x0000000100000000)
  eden space 22016K, 0% used [0x00000000d5580000,0x00000000d5580000,0x00000000d6b00000)
  from space 2048K, 75% used [0x00000000d6b00000,0x00000000d6c84010,0x00000000d6d00000)
  to   space 2560K, 0% used [0x00000000d6d80000,0x00000000d6d80000,0x00000000d7000000)
 ParOldGen       total 68608K, used 22684K [0x0000000080000000, 0x0000000084300000, 0x00000000d5580000)
  object space 68608K, 33% used [0x0000000080000000,0x00000000816271e8,0x0000000084300000)
 Metaspace       used 44325K, committed 45632K, reserved 1114112K
  class space    used 4811K, committed 5376K, reserved 1048576K
}
Event: 16.806 GC heap before
{Heap before GC invocations=20 (full 2):
 PSYoungGen      total 24064K, used 23568K [0x00000000d5580000, 0x00000000d7000000, 0x0000000100000000)
  eden space 22016K, 100% used [0x00000000d5580000,0x00000000d6b00000,0x00000000d6b00000)
  from space 2048K, 75% used [0x00000000d6b00000,0x00000000d6c84010,0x00000000d6d00000)
  to   space 2560K, 0% used [0x00000000d6d80000,0x00000000d6d80000,0x00000000d7000000)
 ParOldGen       total 68608K, used 22684K [0x0000000080000000, 0x0000000084300000, 0x00000000d5580000)
  object space 68608K, 33% used [0x0000000080000000,0x00000000816271e8,0x0000000084300000)
 Metaspace       used 46707K, committed 47936K, reserved 1114112K
  class space    used 5077K, committed 5632K, reserved 1048576K
}
Event: 16.810 GC heap after
{Heap after GC invocations=20 (full 2):
 PSYoungGen      total 24064K, used 1716K [0x00000000d5580000, 0x00000000d6f80000, 0x0000000100000000)
  eden space 22016K, 0% used [0x00000000d5580000,0x00000000d5580000,0x00000000d6b00000)
  from space 2048K, 83% used [0x00000000d6d80000,0x00000000d6f2d310,0x00000000d6f80000)
  to   space 2048K, 0% used [0x00000000d6b00000,0x00000000d6b00000,0x00000000d6d00000)
 ParOldGen       total 68608K, used 24094K [0x0000000080000000, 0x0000000084300000, 0x00000000d5580000)
  object space 68608K, 35% used [0x0000000080000000,0x0000000081787ba0,0x0000000084300000)
 Metaspace       used 46707K, committed 47936K, reserved 1114112K
  class space    used 5077K, committed 5632K, reserved 1048576K
}
Event: 17.439 GC heap before
{Heap before GC invocations=21 (full 2):
 PSYoungGen      total 24064K, used 23726K [0x00000000d5580000, 0x00000000d6f80000, 0x0000000100000000)
  eden space 22016K, 99% used [0x00000000d5580000,0x00000000d6afe878,0x00000000d6b00000)
  from space 2048K, 83% used [0x00000000d6d80000,0x00000000d6f2d310,0x00000000d6f80000)
  to   space 2048K, 0% used [0x00000000d6b00000,0x00000000d6b00000,0x00000000d6d00000)
 ParOldGen       total 68608K, used 24105K [0x0000000080000000, 0x0000000084300000, 0x00000000d5580000)
  object space 68608K, 35% used [0x0000000080000000,0x000000008178a648,0x0000000084300000)
 Metaspace       used 47695K, committed 48896K, reserved 1114112K
  class space    used 5168K, committed 5696K, reserved 1048576K
}
Event: 17.442 GC heap after
{Heap after GC invocations=21 (full 2):
 PSYoungGen      total 23552K, used 1177K [0x00000000d5580000, 0x00000000d6e00000, 0x0000000100000000)
  eden space 22016K, 0% used [0x00000000d5580000,0x00000000d5580000,0x00000000d6b00000)
  from space 1536K, 76% used [0x00000000d6b00000,0x00000000d6c265e0,0x00000000d6c80000)
  to   space 1536K, 0% used [0x00000000d6c80000,0x00000000d6c80000,0x00000000d6e00000)
 ParOldGen       total 68608K, used 25591K [0x0000000080000000, 0x0000000084300000, 0x00000000d5580000)
  object space 68608K, 37% used [0x0000000080000000,0x00000000818fdc58,0x0000000084300000)
 Metaspace       used 47695K, committed 48896K, reserved 1114112K
  class space    used 5168K, committed 5696K, reserved 1048576K
}
Event: 18.140 GC heap before
{Heap before GC invocations=22 (full 2):
 PSYoungGen      total 23552K, used 23193K [0x00000000d5580000, 0x00000000d6e00000, 0x0000000100000000)
  eden space 22016K, 100% used [0x00000000d5580000,0x00000000d6b00000,0x00000000d6b00000)
  from space 1536K, 76% used [0x00000000d6b00000,0x00000000d6c265e0,0x00000000d6c80000)
  to   space 1536K, 0% used [0x00000000d6c80000,0x00000000d6c80000,0x00000000d6e00000)
 ParOldGen       total 68608K, used 25593K [0x0000000080000000, 0x0000000084300000, 0x00000000d5580000)
  object space 68608K, 37% used [0x0000000080000000,0x00000000818fe7e0,0x0000000084300000)
 Metaspace       used 48792K, committed 50048K, reserved 1114112K
  class space    used 5289K, committed 5824K, reserved 1048576K
}
Event: 18.144 GC heap after
{Heap after GC invocations=22 (full 2):
 PSYoungGen      total 21504K, used 1526K [0x00000000d5580000, 0x00000000d7200000, 0x0000000100000000)
  eden space 19968K, 0% used [0x00000000d5580000,0x00000000d5580000,0x00000000d6900000)
  from space 1536K, 99% used [0x00000000d6c80000,0x00000000d6dfd808,0x00000000d6e00000)
  to   space 3584K, 0% used [0x00000000d6900000,0x00000000d6900000,0x00000000d6c80000)
 ParOldGen       total 68608K, used 27169K [0x0000000080000000, 0x0000000084300000, 0x00000000d5580000)
  object space 68608K, 39% used [0x0000000080000000,0x0000000081a88588,0x0000000084300000)
 Metaspace       used 48792K, committed 50048K, reserved 1114112K
  class space    used 5289K, committed 5824K, reserved 1048576K
}
Event: 18.867 GC heap before
{Heap before GC invocations=23 (full 2):
 PSYoungGen      total 21504K, used 21494K [0x00000000d5580000, 0x00000000d7200000, 0x0000000100000000)
  eden space 19968K, 100% used [0x00000000d5580000,0x00000000d6900000,0x00000000d6900000)
  from space 1536K, 99% used [0x00000000d6c80000,0x00000000d6dfd808,0x00000000d6e00000)
  to   space 3584K, 0% used [0x00000000d6900000,0x00000000d6900000,0x00000000d6c80000)
 ParOldGen       total 68608K, used 27169K [0x0000000080000000, 0x0000000084300000, 0x00000000d5580000)
  object space 68608K, 39% used [0x0000000080000000,0x0000000081a88588,0x0000000084300000)
 Metaspace       used 49396K, committed 50688K, reserved 1114112K
  class space    used 5339K, committed 5888K, reserved 1048576K
}
Event: 18.895 GC heap after
{Heap after GC invocations=23 (full 2):
 PSYoungGen      total 23040K, used 2940K [0x00000000d5580000, 0x00000000d6f00000, 0x0000000100000000)
  eden space 19968K, 0% used [0x00000000d5580000,0x00000000d5580000,0x00000000d6900000)
  from space 3072K, 95% used [0x00000000d6900000,0x00000000d6bdf018,0x00000000d6c00000)
  to   space 3072K, 0% used [0x00000000d6c00000,0x00000000d6c00000,0x00000000d6f00000)
 ParOldGen       total 68608K, used 28620K [0x0000000080000000, 0x0000000084300000, 0x00000000d5580000)
  object space 68608K, 41% used [0x0000000080000000,0x0000000081bf3118,0x0000000084300000)
 Metaspace       used 49396K, committed 50688K, reserved 1114112K
  class space    used 5339K, committed 5888K, reserved 1048576K
}
Event: 19.773 GC heap before
{Heap before GC invocations=24 (full 2):
 PSYoungGen      total 23040K, used 22906K [0x00000000d5580000, 0x00000000d6f00000, 0x0000000100000000)
  eden space 19968K, 99% used [0x00000000d5580000,0x00000000d68ffb58,0x00000000d6900000)
  from space 3072K, 95% used [0x00000000d6900000,0x00000000d6bdf018,0x00000000d6c00000)
  to   space 3072K, 0% used [0x00000000d6c00000,0x00000000d6c00000,0x00000000d6f00000)
 ParOldGen       total 68608K, used 28620K [0x0000000080000000, 0x0000000084300000, 0x00000000d5580000)
  object space 68608K, 41% used [0x0000000080000000,0x0000000081bf3118,0x0000000084300000)
 Metaspace       used 49634K, committed 50816K, reserved 1114112K
  class space    used 5356K, committed 5888K, reserved 1048576K
}
Event: 19.777 GC heap after
{Heap after GC invocations=24 (full 2):
 PSYoungGen      total 23040K, used 2336K [0x00000000d5580000, 0x00000000d6f00000, 0x0000000100000000)
  eden space 19968K, 0% used [0x00000000d5580000,0x00000000d5580000,0x00000000d6900000)
  from space 3072K, 76% used [0x00000000d6c00000,0x00000000d6e48000,0x00000000d6f00000)
  to   space 3072K, 0% used [0x00000000d6900000,0x00000000d6900000,0x00000000d6c00000)
 ParOldGen       total 68608K, used 31256K [0x0000000080000000, 0x0000000084300000, 0x00000000d5580000)
  object space 68608K, 45% used [0x0000000080000000,0x0000000081e86120,0x0000000084300000)
 Metaspace       used 49634K, committed 50816K, reserved 1114112K
  class space    used 5356K, committed 5888K, reserved 1048576K
}
Event: 21.206 GC heap before
{Heap before GC invocations=25 (full 2):
 PSYoungGen      total 23040K, used 22304K [0x00000000d5580000, 0x00000000d6f00000, 0x0000000100000000)
  eden space 19968K, 100% used [0x00000000d5580000,0x00000000d6900000,0x00000000d6900000)
  from space 3072K, 76% used [0x00000000d6c00000,0x00000000d6e48000,0x00000000d6f00000)
  to   space 3072K, 0% used [0x00000000d6900000,0x00000000d6900000,0x00000000d6c00000)
 ParOldGen       total 68608K, used 31256K [0x0000000080000000, 0x0000000084300000, 0x00000000d5580000)
  object space 68608K, 45% used [0x0000000080000000,0x0000000081e86120,0x0000000084300000)
 Metaspace       used 50009K, committed 51328K, reserved 1114112K
  class space    used 5390K, committed 5952K, reserved 1048576K
}
Event: 21.211 GC heap after
{Heap after GC invocations=25 (full 2):
 PSYoungGen      total 22016K, used 1608K [0x00000000d5580000, 0x00000000d6d00000, 0x0000000100000000)
  eden space 19968K, 0% used [0x00000000d5580000,0x00000000d5580000,0x00000000d6900000)
  from space 2048K, 78% used [0x00000000d6900000,0x00000000d6a921c8,0x00000000d6b00000)
  to   space 2048K, 0% used [0x00000000d6b00000,0x00000000d6b00000,0x00000000d6d00000)
 ParOldGen       total 68608K, used 33313K [0x0000000080000000, 0x0000000084300000, 0x00000000d5580000)
  object space 68608K, 48% used [0x0000000080000000,0x00000000820886b0,0x0000000084300000)
 Metaspace       used 50009K, committed 51328K, reserved 1114112K
  class space    used 5390K, committed 5952K, reserved 1048576K
}
Event: 23.007 GC heap before
{Heap before GC invocations=26 (full 2):
 PSYoungGen      total 22016K, used 21576K [0x00000000d5580000, 0x00000000d6d00000, 0x0000000100000000)
  eden space 19968K, 100% used [0x00000000d5580000,0x00000000d6900000,0x00000000d6900000)
  from space 2048K, 78% used [0x00000000d6900000,0x00000000d6a921c8,0x00000000d6b00000)
  to   space 2048K, 0% used [0x00000000d6b00000,0x00000000d6b00000,0x00000000d6d00000)
 ParOldGen       total 68608K, used 33313K [0x0000000080000000, 0x0000000084300000, 0x00000000d5580000)
  object space 68608K, 48% used [0x0000000080000000,0x00000000820886b0,0x0000000084300000)
 Metaspace       used 50165K, committed 51456K, reserved 1114112K
  class space    used 5390K, committed 5952K, reserved 1048576K
}
Event: 23.011 GC heap after
{Heap after GC invocations=26 (full 2):
 PSYoungGen      total 22016K, used 1960K [0x00000000d5580000, 0x00000000d6d00000, 0x0000000100000000)
  eden space 19968K, 0% used [0x00000000d5580000,0x00000000d5580000,0x00000000d6900000)
  from space 2048K, 95% used [0x00000000d6b00000,0x00000000d6cea018,0x00000000d6d00000)
  to   space 2048K, 0% used [0x00000000d6900000,0x00000000d6900000,0x00000000d6b00000)
 ParOldGen       total 68608K, used 34681K [0x0000000080000000, 0x0000000084300000, 0x00000000d5580000)
  object space 68608K, 50% used [0x0000000080000000,0x00000000821de590,0x0000000084300000)
 Metaspace       used 50165K, committed 51456K, reserved 1114112K
  class space    used 5390K, committed 5952K, reserved 1048576K
}
Event: 26.402 GC heap before
{Heap before GC invocations=27 (full 2):
 PSYoungGen      total 22016K, used 21928K [0x00000000d5580000, 0x00000000d6d00000, 0x0000000100000000)
  eden space 19968K, 100% used [0x00000000d5580000,0x00000000d6900000,0x00000000d6900000)
  from space 2048K, 95% used [0x00000000d6b00000,0x00000000d6cea018,0x00000000d6d00000)
  to   space 2048K, 0% used [0x00000000d6900000,0x00000000d6900000,0x00000000d6b00000)
 ParOldGen       total 68608K, used 34681K [0x0000000080000000, 0x0000000084300000, 0x00000000d5580000)
  object space 68608K, 50% used [0x0000000080000000,0x00000000821de590,0x0000000084300000)
 Metaspace       used 50250K, committed 51520K, reserved 1114112K
  class space    used 5402K, committed 5952K, reserved 1048576K
}

